Started GET "/" for 127.0.0.1 at 2017-09-10 20:55:08 -0300
  
ActionController::RoutingError (uninitialized constant HomeController):
  
activesupport (5.1.4) lib/active_support/inflector/methods.rb:269:in `const_get'
activesupport (5.1.4) lib/active_support/inflector/methods.rb:269:in `block in constantize'
activesupport (5.1.4) lib/active_support/inflector/methods.rb:267:in `each'
activesupport (5.1.4) lib/active_support/inflector/methods.rb:267:in `inject'
activesupport (5.1.4) lib/active_support/inflector/methods.rb:267:in `constantize'
actionpack (5.1.4) lib/action_dispatch/http/request.rb:85:in `controller_class_for'
actionpack (5.1.4) lib/action_dispatch/http/request.rb:78:in `controller_class'
actionpack (5.1.4) lib/action_dispatch/routing/route_set.rb:43:in `controller'
actionpack (5.1.4) lib/action_dispatch/routing/route_set.rb:29:in `serve'
actionpack (5.1.4) lib/action_dispatch/journey/router.rb:50:in `block in serve'
actionpack (5.1.4) lib/action_dispatch/journey/router.rb:33:in `each'
actionpack (5.1.4) lib/action_dispatch/journey/router.rb:33:in `serve'
actionpack (5.1.4) lib/action_dispatch/routing/route_set.rb:834:in `call'
warden (1.2.7) lib/warden/manager.rb:36:in `block in call'
warden (1.2.7) lib/warden/manager.rb:35:in `catch'
warden (1.2.7) lib/warden/manager.rb:35:in `call'
rack (2.0.3) lib/rack/etag.rb:25:in `call'
rack (2.0.3) lib/rack/conditional_get.rb:25:in `call'
rack (2.0.3) lib/rack/head.rb:12:in `call'
rack (2.0.3) lib/rack/session/abstract/id.rb:232:in `context'
rack (2.0.3) lib/rack/session/abstract/id.rb:226:in `call'
actionpack (5.1.4) lib/action_dispatch/middleware/cookies.rb:613:in `call'
activerecord (5.1.4) lib/active_record/migration.rb:556:in `call'
actionpack (5.1.4) lib/action_dispatch/middleware/callbacks.rb:26:in `block in call'
activesupport (5.1.4) lib/active_support/callbacks.rb:97:in `run_callbacks'
actionpack (5.1.4) lib/action_dispatch/middleware/callbacks.rb:24:in `call'
actionpack (5.1.4) lib/action_dispatch/middleware/executor.rb:12:in `call'
actionpack (5.1.4) lib/action_dispatch/middleware/debug_exceptions.rb:59:in `call'
web-console (3.5.1) lib/web_console/middleware.rb:135:in `call_app'
web-console (3.5.1) lib/web_console/middleware.rb:28:in `block in call'
web-console (3.5.1) lib/web_console/middleware.rb:18:in `catch'
web-console (3.5.1) lib/web_console/middleware.rb:18:in `call'
actionpack (5.1.4) lib/action_dispatch/middleware/show_exceptions.rb:31:in `call'
railties (5.1.4) lib/rails/rack/logger.rb:36:in `call_app'
railties (5.1.4) lib/rails/rack/logger.rb:24:in `block in call'
activesupport (5.1.4) lib/active_support/tagged_logging.rb:69:in `block in tagged'
activesupport (5.1.4) lib/active_support/tagged_logging.rb:26:in `tagged'
activesupport (5.1.4) lib/active_support/tagged_logging.rb:69:in `tagged'
railties (5.1.4) lib/rails/rack/logger.rb:24:in `call'
sprockets-rails (3.2.1) lib/sprockets/rails/quiet_assets.rb:13:in `call'
actionpack (5.1.4) lib/action_dispatch/middleware/remote_ip.rb:79:in `call'
actionpack (5.1.4) lib/action_dispatch/middleware/request_id.rb:25:in `call'
rack (2.0.3) lib/rack/method_override.rb:22:in `call'
rack (2.0.3) lib/rack/runtime.rb:22:in `call'
activesupport (5.1.4) lib/active_support/cache/strategy/local_cache_middleware.rb:27:in `call'
actionpack (5.1.4) lib/action_dispatch/middleware/executor.rb:12:in `call'
actionpack (5.1.4) lib/action_dispatch/middleware/static.rb:125:in `call'
rack (2.0.3) lib/rack/sendfile.rb:111:in `call'
railties (5.1.4) lib/rails/engine.rb:522:in `call'
puma (3.10.0) lib/puma/configuration.rb:225:in `call'
puma (3.10.0) lib/puma/server.rb:605:in `handle_request'
puma (3.10.0) lib/puma/server.rb:437:in `process_client'
puma (3.10.0) lib/puma/server.rb:301:in `block in run'
puma (3.10.0) lib/puma/thread_pool.rb:120:in `block in spawn_thread'
  [1m[35m (0.0ms)[0m  [1m[35mSET NAMES utf8,  @@SESSION.sql_mode = CONCAT(CONCAT(@@sql_mode, ',STRICT_ALL_TABLES'), ',NO_AUTO_VALUE_ON_ZERO'),  @@SESSION.sql_auto_is_null = 0, @@SESSION.wait_timeout = 2147483[0m
  [1m[35m (528.3ms)[0m  [1m[35mCREATE TABLE `schema_migrations` (`version` varchar(255) NOT NULL PRIMARY KEY) ENGINE=InnoDB[0m
  [1m[35m (613.3ms)[0m  [1m[35mCREATE TABLE `ar_internal_metadata` (`key` varchar(255) NOT NULL PRIMARY KEY, `value` varchar(255), `created_at` datetime NOT NULL, `updated_at` datetime NOT NULL) ENGINE=InnoDB[0m
  [1m[35m (0.0ms)[0m  [1m[34mSELECT GET_LOCK(745477183667339340, 0)[0m
  [1m[35m (0.0ms)[0m  [1m[34mSELECT `schema_migrations`.`version` FROM `schema_migrations` ORDER BY `schema_migrations`.`version` ASC[0m
  [1m[36mActiveRecord::InternalMetadata Load (0.0ms)[0m  [1m[34mSELECT  `ar_internal_metadata`.* FROM `ar_internal_metadata` WHERE `ar_internal_metadata`.`key` = 'environment' LIMIT 1[0m
  [1m[35m (0.0ms)[0m  [1m[35mBEGIN[0m
  [1m[35mSQL (0.0ms)[0m  [1m[32mINSERT INTO `ar_internal_metadata` (`key`, `value`, `created_at`, `updated_at`) VALUES ('environment', 'development', '2017-09-10 23:55:56', '2017-09-10 23:55:56')[0m
  [1m[35m (46.9ms)[0m  [1m[35mCOMMIT[0m
  [1m[35m (0.0ms)[0m  [1m[34mSELECT RELEASE_LOCK(745477183667339340)[0m
  [1m[35m (0.0ms)[0m  [1m[34mSELECT `schema_migrations`.`version` FROM `schema_migrations` ORDER BY `schema_migrations`.`version` ASC[0m
Started GET "/" for 127.0.0.1 at 2017-09-10 21:00:36 -0300
Processing by HomeController#index as HTML
  Rendering home/index.html.erb within layouts/application
  Rendered home/index.html.erb within layouts/application (6.0ms)
Completed 200 OK in 3983ms (Views: 3423.8ms)


Started GET "/" for 127.0.0.1 at 2017-09-10 21:02:08 -0300
Processing by HomeController#index as HTML
  Rendering home/index.html.erb within layouts/application
  Rendered home/index.html.erb within layouts/application (1.0ms)
Completed 200 OK in 200ms (Views: 183.2ms)


Started GET "/" for 127.0.0.1 at 2017-09-10 21:07:57 -0300
Processing by HomeController#index as HTML
  Rendering home/index.html.erb within layouts/application
  Rendered home/index.html.erb within layouts/application (1.0ms)
Completed 200 OK in 208ms (Views: 190.0ms)


Started GET "/" for 127.0.0.1 at 2017-09-10 21:09:48 -0300
Processing by HomeController#index as HTML
  Rendering home/index.html.erb within layouts/application
  Rendered home/index.html.erb within layouts/application (1.0ms)
Completed 200 OK in 292ms (Views: 275.3ms)


Started GET "/" for 127.0.0.1 at 2017-09-10 21:37:52 -0300
Processing by HomeController#index as HTML
  Rendering home/index.html.erb within layouts/application
  Rendered home/index.html.erb within layouts/application (1.0ms)
Completed 200 OK in 534ms (Views: 508.6ms)


Started GET "/fonts/roboto/Roboto-Regular.woff2" for 127.0.0.1 at 2017-09-10 21:37:53 -0300
  
ActionController::RoutingError (No route matches [GET] "/fonts/roboto/Roboto-Regular.woff2"):
  
actionpack (5.1.4) lib/action_dispatch/middleware/debug_exceptions.rb:63:in `call'
web-console (3.5.1) lib/web_console/middleware.rb:135:in `call_app'
web-console (3.5.1) lib/web_console/middleware.rb:28:in `block in call'
web-console (3.5.1) lib/web_console/middleware.rb:18:in `catch'
web-console (3.5.1) lib/web_console/middleware.rb:18:in `call'
actionpack (5.1.4) lib/action_dispatch/middleware/show_exceptions.rb:31:in `call'
railties (5.1.4) lib/rails/rack/logger.rb:36:in `call_app'
railties (5.1.4) lib/rails/rack/logger.rb:24:in `block in call'
activesupport (5.1.4) lib/active_support/tagged_logging.rb:69:in `block in tagged'
activesupport (5.1.4) lib/active_support/tagged_logging.rb:26:in `tagged'
activesupport (5.1.4) lib/active_support/tagged_logging.rb:69:in `tagged'
railties (5.1.4) lib/rails/rack/logger.rb:24:in `call'
sprockets-rails (3.2.1) lib/sprockets/rails/quiet_assets.rb:13:in `call'
actionpack (5.1.4) lib/action_dispatch/middleware/remote_ip.rb:79:in `call'
actionpack (5.1.4) lib/action_dispatch/middleware/request_id.rb:25:in `call'
rack (2.0.3) lib/rack/method_override.rb:22:in `call'
rack (2.0.3) lib/rack/runtime.rb:22:in `call'
activesupport (5.1.4) lib/active_support/cache/strategy/local_cache_middleware.rb:27:in `call'
actionpack (5.1.4) lib/action_dispatch/middleware/executor.rb:12:in `call'
actionpack (5.1.4) lib/action_dispatch/middleware/static.rb:125:in `call'
rack (2.0.3) lib/rack/sendfile.rb:111:in `call'
railties (5.1.4) lib/rails/engine.rb:522:in `call'
puma (3.10.0) lib/puma/configuration.rb:225:in `call'
puma (3.10.0) lib/puma/server.rb:605:in `handle_request'
puma (3.10.0) lib/puma/server.rb:437:in `process_client'
puma (3.10.0) lib/puma/server.rb:301:in `block in run'
puma (3.10.0) lib/puma/thread_pool.rb:120:in `block in spawn_thread'
Started GET "/fonts/roboto/Roboto-Regular.woff" for 127.0.0.1 at 2017-09-10 21:38:04 -0300
  
ActionController::RoutingError (No route matches [GET] "/fonts/roboto/Roboto-Regular.woff"):
  
actionpack (5.1.4) lib/action_dispatch/middleware/debug_exceptions.rb:63:in `call'
web-console (3.5.1) lib/web_console/middleware.rb:135:in `call_app'
web-console (3.5.1) lib/web_console/middleware.rb:28:in `block in call'
web-console (3.5.1) lib/web_console/middleware.rb:18:in `catch'
web-console (3.5.1) lib/web_console/middleware.rb:18:in `call'
actionpack (5.1.4) lib/action_dispatch/middleware/show_exceptions.rb:31:in `call'
railties (5.1.4) lib/rails/rack/logger.rb:36:in `call_app'
railties (5.1.4) lib/rails/rack/logger.rb:24:in `block in call'
activesupport (5.1.4) lib/active_support/tagged_logging.rb:69:in `block in tagged'
activesupport (5.1.4) lib/active_support/tagged_logging.rb:26:in `tagged'
activesupport (5.1.4) lib/active_support/tagged_logging.rb:69:in `tagged'
railties (5.1.4) lib/rails/rack/logger.rb:24:in `call'
sprockets-rails (3.2.1) lib/sprockets/rails/quiet_assets.rb:13:in `call'
actionpack (5.1.4) lib/action_dispatch/middleware/remote_ip.rb:79:in `call'
actionpack (5.1.4) lib/action_dispatch/middleware/request_id.rb:25:in `call'
rack (2.0.3) lib/rack/method_override.rb:22:in `call'
rack (2.0.3) lib/rack/runtime.rb:22:in `call'
activesupport (5.1.4) lib/active_support/cache/strategy/local_cache_middleware.rb:27:in `call'
actionpack (5.1.4) lib/action_dispatch/middleware/executor.rb:12:in `call'
actionpack (5.1.4) lib/action_dispatch/middleware/static.rb:125:in `call'
rack (2.0.3) lib/rack/sendfile.rb:111:in `call'
railties (5.1.4) lib/rails/engine.rb:522:in `call'
puma (3.10.0) lib/puma/configuration.rb:225:in `call'
puma (3.10.0) lib/puma/server.rb:605:in `handle_request'
puma (3.10.0) lib/puma/server.rb:437:in `process_client'
puma (3.10.0) lib/puma/server.rb:301:in `block in run'
puma (3.10.0) lib/puma/thread_pool.rb:120:in `block in spawn_thread'
Started GET "/" for 127.0.0.1 at 2017-09-10 21:40:26 -0300
Processing by HomeController#index as HTML
  Rendering home/index.html.erb within layouts/application
  Rendered home/index.html.erb within layouts/application (1.0ms)
Completed 200 OK in 190ms (Views: 169.9ms)


Started GET "/fonts/roboto/Roboto-Regular.woff2" for 127.0.0.1 at 2017-09-10 21:40:27 -0300
  
ActionController::RoutingError (No route matches [GET] "/fonts/roboto/Roboto-Regular.woff2"):
  
actionpack (5.1.4) lib/action_dispatch/middleware/debug_exceptions.rb:63:in `call'
web-console (3.5.1) lib/web_console/middleware.rb:135:in `call_app'
web-console (3.5.1) lib/web_console/middleware.rb:28:in `block in call'
web-console (3.5.1) lib/web_console/middleware.rb:18:in `catch'
web-console (3.5.1) lib/web_console/middleware.rb:18:in `call'
actionpack (5.1.4) lib/action_dispatch/middleware/show_exceptions.rb:31:in `call'
railties (5.1.4) lib/rails/rack/logger.rb:36:in `call_app'
railties (5.1.4) lib/rails/rack/logger.rb:24:in `block in call'
activesupport (5.1.4) lib/active_support/tagged_logging.rb:69:in `block in tagged'
activesupport (5.1.4) lib/active_support/tagged_logging.rb:26:in `tagged'
activesupport (5.1.4) lib/active_support/tagged_logging.rb:69:in `tagged'
railties (5.1.4) lib/rails/rack/logger.rb:24:in `call'
sprockets-rails (3.2.1) lib/sprockets/rails/quiet_assets.rb:13:in `call'
actionpack (5.1.4) lib/action_dispatch/middleware/remote_ip.rb:79:in `call'
actionpack (5.1.4) lib/action_dispatch/middleware/request_id.rb:25:in `call'
rack (2.0.3) lib/rack/method_override.rb:22:in `call'
rack (2.0.3) lib/rack/runtime.rb:22:in `call'
activesupport (5.1.4) lib/active_support/cache/strategy/local_cache_middleware.rb:27:in `call'
actionpack (5.1.4) lib/action_dispatch/middleware/executor.rb:12:in `call'
actionpack (5.1.4) lib/action_dispatch/middleware/static.rb:125:in `call'
rack (2.0.3) lib/rack/sendfile.rb:111:in `call'
railties (5.1.4) lib/rails/engine.rb:522:in `call'
puma (3.10.0) lib/puma/configuration.rb:225:in `call'
puma (3.10.0) lib/puma/server.rb:605:in `handle_request'
puma (3.10.0) lib/puma/server.rb:437:in `process_client'
puma (3.10.0) lib/puma/server.rb:301:in `block in run'
puma (3.10.0) lib/puma/thread_pool.rb:120:in `block in spawn_thread'
Started GET "/fonts/roboto/Roboto-Regular.woff" for 127.0.0.1 at 2017-09-10 21:40:40 -0300
  
ActionController::RoutingError (No route matches [GET] "/fonts/roboto/Roboto-Regular.woff"):
  
actionpack (5.1.4) lib/action_dispatch/middleware/debug_exceptions.rb:63:in `call'
web-console (3.5.1) lib/web_console/middleware.rb:135:in `call_app'
web-console (3.5.1) lib/web_console/middleware.rb:28:in `block in call'
web-console (3.5.1) lib/web_console/middleware.rb:18:in `catch'
web-console (3.5.1) lib/web_console/middleware.rb:18:in `call'
actionpack (5.1.4) lib/action_dispatch/middleware/show_exceptions.rb:31:in `call'
railties (5.1.4) lib/rails/rack/logger.rb:36:in `call_app'
railties (5.1.4) lib/rails/rack/logger.rb:24:in `block in call'
activesupport (5.1.4) lib/active_support/tagged_logging.rb:69:in `block in tagged'
activesupport (5.1.4) lib/active_support/tagged_logging.rb:26:in `tagged'
activesupport (5.1.4) lib/active_support/tagged_logging.rb:69:in `tagged'
railties (5.1.4) lib/rails/rack/logger.rb:24:in `call'
sprockets-rails (3.2.1) lib/sprockets/rails/quiet_assets.rb:13:in `call'
actionpack (5.1.4) lib/action_dispatch/middleware/remote_ip.rb:79:in `call'
actionpack (5.1.4) lib/action_dispatch/middleware/request_id.rb:25:in `call'
rack (2.0.3) lib/rack/method_override.rb:22:in `call'
rack (2.0.3) lib/rack/runtime.rb:22:in `call'
activesupport (5.1.4) lib/active_support/cache/strategy/local_cache_middleware.rb:27:in `call'
actionpack (5.1.4) lib/action_dispatch/middleware/executor.rb:12:in `call'
actionpack (5.1.4) lib/action_dispatch/middleware/static.rb:125:in `call'
rack (2.0.3) lib/rack/sendfile.rb:111:in `call'
railties (5.1.4) lib/rails/engine.rb:522:in `call'
puma (3.10.0) lib/puma/configuration.rb:225:in `call'
puma (3.10.0) lib/puma/server.rb:605:in `handle_request'
puma (3.10.0) lib/puma/server.rb:437:in `process_client'
puma (3.10.0) lib/puma/server.rb:301:in `block in run'
puma (3.10.0) lib/puma/thread_pool.rb:120:in `block in spawn_thread'
Started GET "/" for 127.0.0.1 at 2017-09-10 21:41:05 -0300
Processing by HomeController#index as HTML
  Rendering home/index.html.erb within layouts/application
  Rendered home/index.html.erb within layouts/application (1.0ms)
Completed 200 OK in 224ms (Views: 201.2ms)


Started GET "/" for 127.0.0.1 at 2017-09-10 21:41:08 -0300
Processing by HomeController#index as HTML
  Rendering home/index.html.erb within layouts/application
  Rendered home/index.html.erb within layouts/application (4.0ms)
Completed 200 OK in 321ms (Views: 281.8ms)


Started GET "/" for 127.0.0.1 at 2017-09-10 21:41:37 -0300
Processing by HomeController#index as HTML
  Rendering home/index.html.erb within layouts/application
  Rendered home/index.html.erb within layouts/application (1.0ms)
Completed 200 OK in 314ms (Views: 298.0ms)


Started GET "/" for 127.0.0.1 at 2017-09-10 21:41:40 -0300
Processing by HomeController#index as HTML
  Rendering home/index.html.erb within layouts/application
  Rendered home/index.html.erb within layouts/application (1.0ms)
Completed 200 OK in 208ms (Views: 190.1ms)


Started GET "/" for 127.0.0.1 at 2017-09-10 21:42:09 -0300
Processing by HomeController#index as HTML
  Rendering home/index.html.erb within layouts/application
  Rendered home/index.html.erb within layouts/application (4.0ms)
Completed 200 OK in 1731ms (Views: 1158.9ms)


Started GET "/" for 127.0.0.1 at 2017-09-10 21:47:35 -0300
Processing by HomeController#index as HTML
  Rendering home/index.html.erb within layouts/application
  Rendered home/index.html.erb within layouts/application (1.0ms)
Completed 200 OK in 241ms (Views: 222.4ms)


Started GET "/" for 127.0.0.1 at 2017-09-10 21:47:37 -0300
Processing by HomeController#index as HTML
  Rendering home/index.html.erb within layouts/application
  Rendered home/index.html.erb within layouts/application (0.0ms)
Completed 200 OK in 183ms (Views: 180.3ms)


Started GET "/" for 127.0.0.1 at 2017-09-10 21:47:39 -0300
Processing by HomeController#index as HTML
  Rendering home/index.html.erb within layouts/application
  Rendered home/index.html.erb within layouts/application (0.0ms)
Completed 200 OK in 208ms (Views: 190.4ms)


Started GET "/" for 127.0.0.1 at 2017-09-10 21:47:44 -0300
Processing by HomeController#index as HTML
  Rendering home/index.html.erb within layouts/application
  Rendered home/index.html.erb within layouts/application (0.0ms)
Completed 200 OK in 172ms (Views: 153.5ms)


Started GET "/" for 127.0.0.1 at 2017-09-10 21:47:45 -0300
Processing by HomeController#index as HTML
  Rendering home/index.html.erb within layouts/application
  Rendered home/index.html.erb within layouts/application (0.0ms)
Completed 200 OK in 234ms (Views: 201.5ms)


Started GET "/" for 127.0.0.1 at 2017-09-10 21:47:46 -0300
Processing by HomeController#index as HTML
  Rendering home/index.html.erb within layouts/application
  Rendered home/index.html.erb within layouts/application (1.0ms)
Completed 200 OK in 182ms (Views: 165.4ms)


Started GET "/" for 127.0.0.1 at 2017-09-10 21:47:46 -0300
Processing by HomeController#index as HTML
  Rendering home/index.html.erb within layouts/application
  Rendered home/index.html.erb within layouts/application (0.0ms)
Completed 200 OK in 194ms (Views: 177.7ms)


Started GET "/" for 127.0.0.1 at 2017-09-10 21:48:55 -0300
Processing by HomeController#index as HTML
  Rendering home/index.html.erb within layouts/application
  Rendered home/index.html.erb within layouts/application (1.0ms)
Completed 200 OK in 245ms (Views: 222.5ms)


Started GET "/" for 127.0.0.1 at 2017-09-10 21:49:25 -0300
Processing by HomeController#index as HTML
  Rendering home/index.html.erb within layouts/application
  Rendered home/index.html.erb within layouts/application (2.0ms)
Completed 200 OK in 186ms (Views: 169.0ms)


Started GET "/" for 127.0.0.1 at 2017-09-10 21:50:58 -0300
Processing by HomeController#index as HTML
  Rendering home/index.html.erb within layouts/application
  Rendered home/index.html.erb within layouts/application (1.0ms)
Completed 200 OK in 192ms (Views: 175.1ms)


Started GET "/" for 127.0.0.1 at 2017-09-10 21:51:42 -0300
Processing by HomeController#index as HTML
  Rendering home/index.html.erb within layouts/application
  Rendered home/index.html.erb within layouts/application (2.0ms)
Completed 200 OK in 217ms (Views: 199.9ms)


Started GET "/" for 127.0.0.1 at 2017-09-10 21:53:05 -0300
Processing by HomeController#index as HTML
  Rendering home/index.html.erb within layouts/application
  Rendered home/index.html.erb within layouts/application (0.0ms)
Completed 200 OK in 187ms (Views: 168.2ms)


Started GET "/" for 127.0.0.1 at 2017-09-10 21:53:08 -0300
Processing by HomeController#index as HTML
  Rendering home/index.html.erb within layouts/application
  Rendered home/index.html.erb within layouts/application (1.0ms)
Completed 200 OK in 191ms (Views: 172.7ms)


Started GET "/" for 127.0.0.1 at 2017-09-10 21:53:10 -0300
Processing by HomeController#index as HTML
  Rendering home/index.html.erb within layouts/application
  Rendered home/index.html.erb within layouts/application (0.0ms)
Completed 200 OK in 187ms (Views: 168.9ms)


Started GET "/users" for 127.0.0.1 at 2017-09-10 21:56:41 -0300
  
ActionController::RoutingError (No route matches [GET] "/users"):
  
actionpack (5.1.4) lib/action_dispatch/middleware/debug_exceptions.rb:63:in `call'
web-console (3.5.1) lib/web_console/middleware.rb:135:in `call_app'
web-console (3.5.1) lib/web_console/middleware.rb:28:in `block in call'
web-console (3.5.1) lib/web_console/middleware.rb:18:in `catch'
web-console (3.5.1) lib/web_console/middleware.rb:18:in `call'
actionpack (5.1.4) lib/action_dispatch/middleware/show_exceptions.rb:31:in `call'
railties (5.1.4) lib/rails/rack/logger.rb:36:in `call_app'
railties (5.1.4) lib/rails/rack/logger.rb:24:in `block in call'
activesupport (5.1.4) lib/active_support/tagged_logging.rb:69:in `block in tagged'
activesupport (5.1.4) lib/active_support/tagged_logging.rb:26:in `tagged'
activesupport (5.1.4) lib/active_support/tagged_logging.rb:69:in `tagged'
railties (5.1.4) lib/rails/rack/logger.rb:24:in `call'
sprockets-rails (3.2.1) lib/sprockets/rails/quiet_assets.rb:13:in `call'
actionpack (5.1.4) lib/action_dispatch/middleware/remote_ip.rb:79:in `call'
actionpack (5.1.4) lib/action_dispatch/middleware/request_id.rb:25:in `call'
rack (2.0.3) lib/rack/method_override.rb:22:in `call'
rack (2.0.3) lib/rack/runtime.rb:22:in `call'
activesupport (5.1.4) lib/active_support/cache/strategy/local_cache_middleware.rb:27:in `call'
actionpack (5.1.4) lib/action_dispatch/middleware/executor.rb:12:in `call'
actionpack (5.1.4) lib/action_dispatch/middleware/static.rb:125:in `call'
rack (2.0.3) lib/rack/sendfile.rb:111:in `call'
railties (5.1.4) lib/rails/engine.rb:522:in `call'
puma (3.10.0) lib/puma/configuration.rb:225:in `call'
puma (3.10.0) lib/puma/server.rb:605:in `handle_request'
puma (3.10.0) lib/puma/server.rb:437:in `process_client'
puma (3.10.0) lib/puma/server.rb:301:in `block in run'
puma (3.10.0) lib/puma/thread_pool.rb:120:in `block in spawn_thread'
Started GET "/users/" for 127.0.0.1 at 2017-09-11 16:40:18 -0300
  
ActionController::RoutingError (No route matches [GET] "/users"):
  
actionpack (5.1.4) lib/action_dispatch/middleware/debug_exceptions.rb:63:in `call'
web-console (3.5.1) lib/web_console/middleware.rb:135:in `call_app'
web-console (3.5.1) lib/web_console/middleware.rb:28:in `block in call'
web-console (3.5.1) lib/web_console/middleware.rb:18:in `catch'
web-console (3.5.1) lib/web_console/middleware.rb:18:in `call'
actionpack (5.1.4) lib/action_dispatch/middleware/show_exceptions.rb:31:in `call'
railties (5.1.4) lib/rails/rack/logger.rb:36:in `call_app'
railties (5.1.4) lib/rails/rack/logger.rb:24:in `block in call'
activesupport (5.1.4) lib/active_support/tagged_logging.rb:69:in `block in tagged'
activesupport (5.1.4) lib/active_support/tagged_logging.rb:26:in `tagged'
activesupport (5.1.4) lib/active_support/tagged_logging.rb:69:in `tagged'
railties (5.1.4) lib/rails/rack/logger.rb:24:in `call'
sprockets-rails (3.2.1) lib/sprockets/rails/quiet_assets.rb:13:in `call'
actionpack (5.1.4) lib/action_dispatch/middleware/remote_ip.rb:79:in `call'
actionpack (5.1.4) lib/action_dispatch/middleware/request_id.rb:25:in `call'
rack (2.0.3) lib/rack/method_override.rb:22:in `call'
rack (2.0.3) lib/rack/runtime.rb:22:in `call'
activesupport (5.1.4) lib/active_support/cache/strategy/local_cache_middleware.rb:27:in `call'
actionpack (5.1.4) lib/action_dispatch/middleware/executor.rb:12:in `call'
actionpack (5.1.4) lib/action_dispatch/middleware/static.rb:125:in `call'
rack (2.0.3) lib/rack/sendfile.rb:111:in `call'
railties (5.1.4) lib/rails/engine.rb:522:in `call'
puma (3.10.0) lib/puma/configuration.rb:225:in `call'
puma (3.10.0) lib/puma/server.rb:605:in `handle_request'
puma (3.10.0) lib/puma/server.rb:437:in `process_client'
puma (3.10.0) lib/puma/server.rb:301:in `block in run'
puma (3.10.0) lib/puma/thread_pool.rb:120:in `block in spawn_thread'
Started GET "/" for 127.0.0.1 at 2017-09-11 16:41:02 -0300
Processing by HomeController#index as HTML
  Rendering home/index.html.erb within layouts/application
  Rendered home/index.html.erb within layouts/application (0.0ms)
Completed 200 OK in 1352ms (Views: 786.8ms)


Started GET "/" for 127.0.0.1 at 2017-09-11 17:09:28 -0300
Processing by HomeController#index as HTML
  Rendering home/index.html.erb within layouts/application
  Rendered home/index.html.erb within layouts/application (8.0ms)
Started GET "/admin" for 127.0.0.1 at 2017-09-11 17:09:50 -0300
Completed 200 OK in 56222ms (Views: 55545.4ms)


Processing by RailsAdmin::MainController#dashboard as HTML
Started GET "/" for 127.0.0.1 at 2017-09-11 17:11:05 -0300
Processing by HomeController#index as HTML
  Rendering home/index.html.erb within layouts/application
  Rendered home/index.html.erb within layouts/application (0.0ms)
Completed 200 OK in 400ms (Views: 378.6ms)


  Rendering C:/RailsInstaller/Ruby2.3.0/lib/ruby/gems/2.3.0/bundler/gems/rails_admin-c3794fee412e/app/views/rails_admin/main/dashboard.html.haml within layouts/rails_admin/application
  Rendered C:/RailsInstaller/Ruby2.3.0/lib/ruby/gems/2.3.0/bundler/gems/rails_admin-c3794fee412e/app/views/rails_admin/main/dashboard.html.haml within layouts/rails_admin/application (46.9ms)
  Rendered C:/RailsInstaller/Ruby2.3.0/lib/ruby/gems/2.3.0/bundler/gems/rails_admin-c3794fee412e/app/views/layouts/rails_admin/_secondary_navigation.html.haml (27.7ms)
  Rendered C:/RailsInstaller/Ruby2.3.0/lib/ruby/gems/2.3.0/bundler/gems/rails_admin-c3794fee412e/app/views/layouts/rails_admin/_navigation.html.haml (223.7ms)
  Rendered C:/RailsInstaller/Ruby2.3.0/lib/ruby/gems/2.3.0/bundler/gems/rails_admin-c3794fee412e/app/views/layouts/rails_admin/_sidebar_navigation.html.haml (0.0ms)
  Rendering C:/RailsInstaller/Ruby2.3.0/lib/ruby/gems/2.3.0/bundler/gems/rails_admin-c3794fee412e/app/views/layouts/rails_admin/pjax.html.haml
  Rendered C:/RailsInstaller/Ruby2.3.0/lib/ruby/gems/2.3.0/bundler/gems/rails_admin-c3794fee412e/app/views/layouts/rails_admin/pjax.html.haml (8.0ms)
Completed 200 OK in 4841ms (Views: 2225.4ms)


Started GET "/admin" for 127.0.0.1 at 2017-09-11 17:12:58 -0300
Processing by RailsAdmin::MainController#dashboard as HTML
  Rendering C:/RailsInstaller/Ruby2.3.0/lib/ruby/gems/2.3.0/bundler/gems/rails_admin-c3794fee412e/app/views/rails_admin/main/dashboard.html.haml within layouts/rails_admin/application
  Rendered C:/RailsInstaller/Ruby2.3.0/lib/ruby/gems/2.3.0/bundler/gems/rails_admin-c3794fee412e/app/views/rails_admin/main/dashboard.html.haml within layouts/rails_admin/application (12.0ms)
  Rendered C:/RailsInstaller/Ruby2.3.0/lib/ruby/gems/2.3.0/bundler/gems/rails_admin-c3794fee412e/app/views/layouts/rails_admin/_secondary_navigation.html.haml (8.0ms)
  Rendered C:/RailsInstaller/Ruby2.3.0/lib/ruby/gems/2.3.0/bundler/gems/rails_admin-c3794fee412e/app/views/layouts/rails_admin/_navigation.html.haml (164.0ms)
  Rendered C:/RailsInstaller/Ruby2.3.0/lib/ruby/gems/2.3.0/bundler/gems/rails_admin-c3794fee412e/app/views/layouts/rails_admin/_sidebar_navigation.html.haml (4.0ms)
  Rendering C:/RailsInstaller/Ruby2.3.0/lib/ruby/gems/2.3.0/bundler/gems/rails_admin-c3794fee412e/app/views/layouts/rails_admin/pjax.html.haml
  Rendered C:/RailsInstaller/Ruby2.3.0/lib/ruby/gems/2.3.0/bundler/gems/rails_admin-c3794fee412e/app/views/layouts/rails_admin/pjax.html.haml (8.0ms)
Completed 200 OK in 1648ms (Views: 1646.6ms)


  [1m[35m (0.0ms)[0m  [1m[35mSET NAMES utf8,  @@SESSION.sql_mode = CONCAT(CONCAT(@@sql_mode, ',STRICT_ALL_TABLES'), ',NO_AUTO_VALUE_ON_ZERO'),  @@SESSION.sql_auto_is_null = 0, @@SESSION.wait_timeout = 2147483[0m
  [1m[35m (0.0ms)[0m  [1m[34mSELECT GET_LOCK(745477183667339340, 0)[0m
  [1m[35m (0.0ms)[0m  [1m[34mSELECT `schema_migrations`.`version` FROM `schema_migrations` ORDER BY `schema_migrations`.`version` ASC[0m
Migrating to CreateUsers (20170911204425)
  [1m[35m (625.0ms)[0m  [1m[35mCREATE TABLE `users` (`id` bigint NOT NULL AUTO_INCREMENT PRIMARY KEY, `created_at` datetime NOT NULL, `updated_at` datetime NOT NULL) ENGINE=InnoDB[0m
  [1m[35m (0.0ms)[0m  [1m[35mBEGIN[0m
  [1m[35mSQL (0.0ms)[0m  [1m[32mINSERT INTO `schema_migrations` (`version`) VALUES ('20170911204425')[0m
  [1m[35m (31.2ms)[0m  [1m[35mCOMMIT[0m
Migrating to AddDeviseToUsers (20170911204546)
  [1m[35m (1062.6ms)[0m  [1m[35mALTER TABLE `users` ADD `email` varchar(255) DEFAULT '' NOT NULL[0m
  [1m[35m (640.6ms)[0m  [1m[35mALTER TABLE `users` ADD `encrypted_password` varchar(255) DEFAULT '' NOT NULL[0m
  [1m[35m (609.4ms)[0m  [1m[35mALTER TABLE `users` ADD `reset_password_token` varchar(255)[0m
  [1m[35m (843.8ms)[0m  [1m[35mALTER TABLE `users` ADD `reset_password_sent_at` datetime[0m
  [1m[35m (718.7ms)[0m  [1m[35mALTER TABLE `users` ADD `remember_created_at` datetime[0m
  [1m[35m (531.3ms)[0m  [1m[35mALTER TABLE `users` ADD `sign_in_count` int DEFAULT 0 NOT NULL[0m
  [1m[35m (595.2ms)[0m  [1m[35mALTER TABLE `users` ADD `current_sign_in_at` datetime[0m
  [1m[35m (781.2ms)[0m  [1m[35mALTER TABLE `users` ADD `last_sign_in_at` datetime[0m
  [1m[35m (406.3ms)[0m  [1m[35mALTER TABLE `users` ADD `current_sign_in_ip` varchar(255)[0m
  [1m[35m (781.3ms)[0m  [1m[35mALTER TABLE `users` ADD `last_sign_in_ip` varchar(255)[0m
  [1m[35m (250.0ms)[0m  [1m[35mCREATE UNIQUE INDEX `index_users_on_email`  ON `users` (`email`) [0m
  [1m[35m (281.2ms)[0m  [1m[35mCREATE UNIQUE INDEX `index_users_on_reset_password_token`  ON `users` (`reset_password_token`) [0m
  [1m[35m (0.0ms)[0m  [1m[35mBEGIN[0m
  [1m[35mSQL (15.7ms)[0m  [1m[32mINSERT INTO `schema_migrations` (`version`) VALUES ('20170911204546')[0m
  [1m[35m (62.4ms)[0m  [1m[35mCOMMIT[0m
  [1m[36mActiveRecord::InternalMetadata Load (31.2ms)[0m  [1m[34mSELECT  `ar_internal_metadata`.* FROM `ar_internal_metadata` WHERE `ar_internal_metadata`.`key` = 'environment' LIMIT 1[0m
  [1m[35m (0.0ms)[0m  [1m[35mBEGIN[0m
  [1m[35m (0.0ms)[0m  [1m[35mCOMMIT[0m
  [1m[35m (0.0ms)[0m  [1m[34mSELECT RELEASE_LOCK(745477183667339340)[0m
  [1m[35m (0.0ms)[0m  [1m[34mSELECT `schema_migrations`.`version` FROM `schema_migrations` ORDER BY `schema_migrations`.`version` ASC[0m
Started GET "/admin" for 127.0.0.1 at 2017-09-11 17:47:33 -0300
  [1m[35m (0.0ms)[0m  [1m[35mSET NAMES utf8,  @@SESSION.sql_mode = CONCAT(CONCAT(@@sql_mode, ',STRICT_ALL_TABLES'), ',NO_AUTO_VALUE_ON_ZERO'),  @@SESSION.sql_auto_is_null = 0, @@SESSION.wait_timeout = 2147483[0m
  [1m[35m (0.0ms)[0m  [1m[34mSELECT `schema_migrations`.`version` FROM `schema_migrations` ORDER BY `schema_migrations`.`version` ASC[0m
Processing by RailsAdmin::MainController#dashboard as HTML
  [1m[35m (0.0ms)[0m  [1m[34mSELECT COUNT(*) FROM `users`[0m
  [1m[36mUser Load (0.0ms)[0m  [1m[34mSELECT  `users`.* FROM `users` ORDER BY `users`.`id` DESC LIMIT 1[0m
  Rendering C:/RailsInstaller/Ruby2.3.0/lib/ruby/gems/2.3.0/bundler/gems/rails_admin-c3794fee412e/app/views/rails_admin/main/dashboard.html.haml within layouts/rails_admin/application
  Rendered C:/RailsInstaller/Ruby2.3.0/lib/ruby/gems/2.3.0/bundler/gems/rails_admin-c3794fee412e/app/views/rails_admin/main/dashboard.html.haml within layouts/rails_admin/application (40.0ms)
  Rendered C:/RailsInstaller/Ruby2.3.0/lib/ruby/gems/2.3.0/bundler/gems/rails_admin-c3794fee412e/app/views/layouts/rails_admin/_secondary_navigation.html.haml (4.0ms)
  Rendered C:/RailsInstaller/Ruby2.3.0/lib/ruby/gems/2.3.0/bundler/gems/rails_admin-c3794fee412e/app/views/layouts/rails_admin/_navigation.html.haml (220.0ms)
  Rendered C:/RailsInstaller/Ruby2.3.0/lib/ruby/gems/2.3.0/bundler/gems/rails_admin-c3794fee412e/app/views/layouts/rails_admin/_sidebar_navigation.html.haml (4.0ms)
  Rendering C:/RailsInstaller/Ruby2.3.0/lib/ruby/gems/2.3.0/bundler/gems/rails_admin-c3794fee412e/app/views/layouts/rails_admin/pjax.html.haml
  Rendered C:/RailsInstaller/Ruby2.3.0/lib/ruby/gems/2.3.0/bundler/gems/rails_admin-c3794fee412e/app/views/layouts/rails_admin/pjax.html.haml (8.0ms)
Completed 200 OK in 5153ms (Views: 3471.2ms | ActiveRecord: 4.0ms)


Started GET "/admin" for 127.0.0.1 at 2017-09-11 17:49:30 -0300
Processing by RailsAdmin::MainController#dashboard as HTML
  [1m[35m (4.0ms)[0m  [1m[34mSELECT COUNT(*) FROM `users`[0m
  [1m[36mUser Load (0.0ms)[0m  [1m[34mSELECT  `users`.* FROM `users` ORDER BY `users`.`id` DESC LIMIT 1[0m
  Rendering C:/RailsInstaller/Ruby2.3.0/lib/ruby/gems/2.3.0/bundler/gems/rails_admin-c3794fee412e/app/views/rails_admin/main/dashboard.html.haml within layouts/rails_admin/application
  Rendered C:/RailsInstaller/Ruby2.3.0/lib/ruby/gems/2.3.0/bundler/gems/rails_admin-c3794fee412e/app/views/rails_admin/main/dashboard.html.haml within layouts/rails_admin/application (16.0ms)
  Rendered C:/RailsInstaller/Ruby2.3.0/lib/ruby/gems/2.3.0/bundler/gems/rails_admin-c3794fee412e/app/views/layouts/rails_admin/_secondary_navigation.html.haml (8.0ms)
  Rendered C:/RailsInstaller/Ruby2.3.0/lib/ruby/gems/2.3.0/bundler/gems/rails_admin-c3794fee412e/app/views/layouts/rails_admin/_navigation.html.haml (156.0ms)
  Rendered C:/RailsInstaller/Ruby2.3.0/lib/ruby/gems/2.3.0/bundler/gems/rails_admin-c3794fee412e/app/views/layouts/rails_admin/_sidebar_navigation.html.haml (4.0ms)
  Rendering C:/RailsInstaller/Ruby2.3.0/lib/ruby/gems/2.3.0/bundler/gems/rails_admin-c3794fee412e/app/views/layouts/rails_admin/pjax.html.haml
  Rendered C:/RailsInstaller/Ruby2.3.0/lib/ruby/gems/2.3.0/bundler/gems/rails_admin-c3794fee412e/app/views/layouts/rails_admin/pjax.html.haml (8.0ms)
Completed 200 OK in 1552ms (Views: 1532.4ms | ActiveRecord: 4.0ms)


Started GET "/admin/user?_pjax=%5Bdata-pjax-container%5D" for 127.0.0.1 at 2017-09-11 17:49:34 -0300
Processing by RailsAdmin::MainController#index as HTML
  Parameters: {"_pjax"=>"[data-pjax-container]", "model_name"=>"user"}
  Rendering C:/RailsInstaller/Ruby2.3.0/lib/ruby/gems/2.3.0/bundler/gems/rails_admin-c3794fee412e/app/views/rails_admin/main/index.html.haml within layouts/rails_admin/pjax
  [1m[36mUser Load (0.0ms)[0m  [1m[34mSELECT  `users`.* FROM `users` ORDER BY users.id desc LIMIT 20 OFFSET 0[0m
  Rendered C:/RailsInstaller/Ruby2.3.0/lib/ruby/gems/2.3.0/bundler/gems/rails_admin-c3794fee412e/app/views/rails_admin/main/index.html.haml within layouts/rails_admin/pjax (187.5ms)
Completed 200 OK in 516ms (Views: 477.8ms | ActiveRecord: 0.0ms)


Started GET "/admin/user/new?_pjax=%5Bdata-pjax-container%5D" for 127.0.0.1 at 2017-09-11 17:49:45 -0300
Processing by RailsAdmin::MainController#new as HTML
  Parameters: {"_pjax"=>"[data-pjax-container]", "model_name"=>"user"}
  Rendering C:/RailsInstaller/Ruby2.3.0/lib/ruby/gems/2.3.0/bundler/gems/rails_admin-c3794fee412e/app/views/rails_admin/main/new.html.haml within layouts/rails_admin/pjax
  Rendered C:/RailsInstaller/Ruby2.3.0/lib/ruby/gems/2.3.0/bundler/gems/rails_admin-c3794fee412e/app/views/rails_admin/main/_form_field.html.haml (15.6ms)
  Rendered C:/RailsInstaller/Ruby2.3.0/lib/ruby/gems/2.3.0/bundler/gems/rails_admin-c3794fee412e/app/views/rails_admin/main/_form_field.html.haml (15.6ms)
  Rendered C:/RailsInstaller/Ruby2.3.0/lib/ruby/gems/2.3.0/bundler/gems/rails_admin-c3794fee412e/app/views/rails_admin/main/_form_field.html.haml (0.0ms)
  Rendered C:/RailsInstaller/Ruby2.3.0/lib/ruby/gems/2.3.0/bundler/gems/rails_admin-c3794fee412e/app/views/rails_admin/main/_form_datetime.html.haml (0.0ms)
  Rendered C:/RailsInstaller/Ruby2.3.0/lib/ruby/gems/2.3.0/bundler/gems/rails_admin-c3794fee412e/app/views/rails_admin/main/_form_datetime.html.haml (0.0ms)
  Rendered C:/RailsInstaller/Ruby2.3.0/lib/ruby/gems/2.3.0/bundler/gems/rails_admin-c3794fee412e/app/views/rails_admin/main/_form_field.html.haml (0.0ms)
  Rendered C:/RailsInstaller/Ruby2.3.0/lib/ruby/gems/2.3.0/bundler/gems/rails_admin-c3794fee412e/app/views/rails_admin/main/_form_datetime.html.haml (0.0ms)
  Rendered C:/RailsInstaller/Ruby2.3.0/lib/ruby/gems/2.3.0/bundler/gems/rails_admin-c3794fee412e/app/views/rails_admin/main/_form_datetime.html.haml (0.0ms)
  Rendered C:/RailsInstaller/Ruby2.3.0/lib/ruby/gems/2.3.0/bundler/gems/rails_admin-c3794fee412e/app/views/rails_admin/main/_form_field.html.haml (0.0ms)
  Rendered C:/RailsInstaller/Ruby2.3.0/lib/ruby/gems/2.3.0/bundler/gems/rails_admin-c3794fee412e/app/views/rails_admin/main/_form_field.html.haml (0.0ms)
  Rendered C:/RailsInstaller/Ruby2.3.0/lib/ruby/gems/2.3.0/bundler/gems/rails_admin-c3794fee412e/app/views/rails_admin/main/_submit_buttons.html.haml (12.0ms)
  Rendered C:/RailsInstaller/Ruby2.3.0/lib/ruby/gems/2.3.0/bundler/gems/rails_admin-c3794fee412e/app/views/rails_admin/main/new.html.haml within layouts/rails_admin/pjax (1667.2ms)
Completed 200 OK in 1958ms (Views: 1945.7ms | ActiveRecord: 0.0ms)


Started GET "/admin/user/new" for 127.0.0.1 at 2017-09-11 17:49:47 -0300
Processing by RailsAdmin::MainController#new as HTML
  Parameters: {"model_name"=>"user"}
  Rendering C:/RailsInstaller/Ruby2.3.0/lib/ruby/gems/2.3.0/bundler/gems/rails_admin-c3794fee412e/app/views/rails_admin/main/new.html.haml within layouts/rails_admin/application
  Rendered C:/RailsInstaller/Ruby2.3.0/lib/ruby/gems/2.3.0/bundler/gems/rails_admin-c3794fee412e/app/views/rails_admin/main/_form_field.html.haml (4.0ms)
  Rendered C:/RailsInstaller/Ruby2.3.0/lib/ruby/gems/2.3.0/bundler/gems/rails_admin-c3794fee412e/app/views/rails_admin/main/_form_field.html.haml (0.0ms)
  Rendered C:/RailsInstaller/Ruby2.3.0/lib/ruby/gems/2.3.0/bundler/gems/rails_admin-c3794fee412e/app/views/rails_admin/main/_form_field.html.haml (0.0ms)
  Rendered C:/RailsInstaller/Ruby2.3.0/lib/ruby/gems/2.3.0/bundler/gems/rails_admin-c3794fee412e/app/views/rails_admin/main/_form_datetime.html.haml (4.0ms)
  Rendered C:/RailsInstaller/Ruby2.3.0/lib/ruby/gems/2.3.0/bundler/gems/rails_admin-c3794fee412e/app/views/rails_admin/main/_form_datetime.html.haml (4.0ms)
  Rendered C:/RailsInstaller/Ruby2.3.0/lib/ruby/gems/2.3.0/bundler/gems/rails_admin-c3794fee412e/app/views/rails_admin/main/_form_field.html.haml (0.0ms)
  Rendered C:/RailsInstaller/Ruby2.3.0/lib/ruby/gems/2.3.0/bundler/gems/rails_admin-c3794fee412e/app/views/rails_admin/main/_form_datetime.html.haml (4.0ms)
  Rendered C:/RailsInstaller/Ruby2.3.0/lib/ruby/gems/2.3.0/bundler/gems/rails_admin-c3794fee412e/app/views/rails_admin/main/_form_datetime.html.haml (0.0ms)
  Rendered C:/RailsInstaller/Ruby2.3.0/lib/ruby/gems/2.3.0/bundler/gems/rails_admin-c3794fee412e/app/views/rails_admin/main/_form_field.html.haml (0.0ms)
  Rendered C:/RailsInstaller/Ruby2.3.0/lib/ruby/gems/2.3.0/bundler/gems/rails_admin-c3794fee412e/app/views/rails_admin/main/_form_field.html.haml (4.0ms)
  Rendered C:/RailsInstaller/Ruby2.3.0/lib/ruby/gems/2.3.0/bundler/gems/rails_admin-c3794fee412e/app/views/rails_admin/main/_submit_buttons.html.haml (12.0ms)
  Rendered C:/RailsInstaller/Ruby2.3.0/lib/ruby/gems/2.3.0/bundler/gems/rails_admin-c3794fee412e/app/views/rails_admin/main/new.html.haml within layouts/rails_admin/application (1604.1ms)
  Rendered C:/RailsInstaller/Ruby2.3.0/lib/ruby/gems/2.3.0/bundler/gems/rails_admin-c3794fee412e/app/views/layouts/rails_admin/_secondary_navigation.html.haml (8.0ms)
  Rendered C:/RailsInstaller/Ruby2.3.0/lib/ruby/gems/2.3.0/bundler/gems/rails_admin-c3794fee412e/app/views/layouts/rails_admin/_navigation.html.haml (156.0ms)
  Rendered C:/RailsInstaller/Ruby2.3.0/lib/ruby/gems/2.3.0/bundler/gems/rails_admin-c3794fee412e/app/views/layouts/rails_admin/_sidebar_navigation.html.haml (4.0ms)
  Rendering C:/RailsInstaller/Ruby2.3.0/lib/ruby/gems/2.3.0/bundler/gems/rails_admin-c3794fee412e/app/views/layouts/rails_admin/pjax.html.haml
  Rendered C:/RailsInstaller/Ruby2.3.0/lib/ruby/gems/2.3.0/bundler/gems/rails_admin-c3794fee412e/app/views/layouts/rails_admin/pjax.html.haml (16.0ms)
Completed 200 OK in 3124ms (Views: 3117.8ms | ActiveRecord: 0.0ms)


Started GET "/" for 127.0.0.1 at 2017-09-12 09:35:27 -0300
  [1m[35m (195.1ms)[0m  [1m[35mSET NAMES utf8,  @@SESSION.sql_mode = CONCAT(CONCAT(@@sql_mode, ',STRICT_ALL_TABLES'), ',NO_AUTO_VALUE_ON_ZERO'),  @@SESSION.sql_auto_is_null = 0, @@SESSION.wait_timeout = 2147483[0m
  [1m[35m (1.0ms)[0m  [1m[34mSELECT `schema_migrations`.`version` FROM `schema_migrations` ORDER BY `schema_migrations`.`version` ASC[0m
Processing by HomeController#index as HTML
  Rendering home/index.html.erb within layouts/application
  Rendered home/index.html.erb within layouts/application (4.0ms)
Completed 200 OK in 3044ms (Views: 2998.9ms | ActiveRecord: 0.0ms)


Started GET "/users" for 127.0.0.1 at 2017-09-12 09:36:27 -0300
  
ActionController::RoutingError (No route matches [GET] "/users"):
  
actionpack (5.1.4) lib/action_dispatch/middleware/debug_exceptions.rb:63:in `call'
web-console (3.5.1) lib/web_console/middleware.rb:135:in `call_app'
web-console (3.5.1) lib/web_console/middleware.rb:28:in `block in call'
web-console (3.5.1) lib/web_console/middleware.rb:18:in `catch'
web-console (3.5.1) lib/web_console/middleware.rb:18:in `call'
actionpack (5.1.4) lib/action_dispatch/middleware/show_exceptions.rb:31:in `call'
railties (5.1.4) lib/rails/rack/logger.rb:36:in `call_app'
railties (5.1.4) lib/rails/rack/logger.rb:24:in `block in call'
activesupport (5.1.4) lib/active_support/tagged_logging.rb:69:in `block in tagged'
activesupport (5.1.4) lib/active_support/tagged_logging.rb:26:in `tagged'
activesupport (5.1.4) lib/active_support/tagged_logging.rb:69:in `tagged'
railties (5.1.4) lib/rails/rack/logger.rb:24:in `call'
sprockets-rails (3.2.1) lib/sprockets/rails/quiet_assets.rb:13:in `call'
actionpack (5.1.4) lib/action_dispatch/middleware/remote_ip.rb:79:in `call'
actionpack (5.1.4) lib/action_dispatch/middleware/request_id.rb:25:in `call'
rack (2.0.3) lib/rack/method_override.rb:22:in `call'
rack (2.0.3) lib/rack/runtime.rb:22:in `call'
activesupport (5.1.4) lib/active_support/cache/strategy/local_cache_middleware.rb:27:in `call'
actionpack (5.1.4) lib/action_dispatch/middleware/executor.rb:12:in `call'
actionpack (5.1.4) lib/action_dispatch/middleware/static.rb:125:in `call'
rack (2.0.3) lib/rack/sendfile.rb:111:in `call'
railties (5.1.4) lib/rails/engine.rb:522:in `call'
puma (3.10.0) lib/puma/configuration.rb:225:in `call'
puma (3.10.0) lib/puma/server.rb:605:in `handle_request'
puma (3.10.0) lib/puma/server.rb:437:in `process_client'
puma (3.10.0) lib/puma/server.rb:301:in `block in run'
puma (3.10.0) lib/puma/thread_pool.rb:120:in `block in spawn_thread'
Started GET "/admin" for 127.0.0.1 at 2017-09-12 09:37:17 -0300
Processing by RailsAdmin::MainController#dashboard as HTML
  [1m[35m (0.0ms)[0m  [1m[34mSELECT COUNT(*) FROM `users`[0m
  [1m[36mUser Load (1.0ms)[0m  [1m[34mSELECT  `users`.* FROM `users` ORDER BY `users`.`id` DESC LIMIT 1[0m
  Rendering C:/RailsInstaller/Ruby2.3.0/lib/ruby/gems/2.3.0/bundler/gems/rails_admin-c3794fee412e/app/views/rails_admin/main/dashboard.html.haml within layouts/rails_admin/application
  Rendered C:/RailsInstaller/Ruby2.3.0/lib/ruby/gems/2.3.0/bundler/gems/rails_admin-c3794fee412e/app/views/rails_admin/main/dashboard.html.haml within layouts/rails_admin/application (71.0ms)
  Rendered C:/RailsInstaller/Ruby2.3.0/lib/ruby/gems/2.3.0/bundler/gems/rails_admin-c3794fee412e/app/views/layouts/rails_admin/_secondary_navigation.html.haml (6.0ms)
  Rendered C:/RailsInstaller/Ruby2.3.0/lib/ruby/gems/2.3.0/bundler/gems/rails_admin-c3794fee412e/app/views/layouts/rails_admin/_navigation.html.haml (207.1ms)
  Rendered C:/RailsInstaller/Ruby2.3.0/lib/ruby/gems/2.3.0/bundler/gems/rails_admin-c3794fee412e/app/views/layouts/rails_admin/_sidebar_navigation.html.haml (4.0ms)
  Rendering C:/RailsInstaller/Ruby2.3.0/lib/ruby/gems/2.3.0/bundler/gems/rails_admin-c3794fee412e/app/views/layouts/rails_admin/pjax.html.haml
  Rendered C:/RailsInstaller/Ruby2.3.0/lib/ruby/gems/2.3.0/bundler/gems/rails_admin-c3794fee412e/app/views/layouts/rails_admin/pjax.html.haml (12.0ms)
Completed 200 OK in 6428ms (Views: 2337.0ms | ActiveRecord: 7.0ms)


Started GET "/admin/user?_pjax=%5Bdata-pjax-container%5D" for 127.0.0.1 at 2017-09-12 10:27:11 -0300
Processing by RailsAdmin::MainController#index as HTML
  Parameters: {"_pjax"=>"[data-pjax-container]", "model_name"=>"user"}
  Rendering C:/RailsInstaller/Ruby2.3.0/lib/ruby/gems/2.3.0/bundler/gems/rails_admin-c3794fee412e/app/views/rails_admin/main/index.html.haml within layouts/rails_admin/pjax
  [1m[36mUser Load (15.6ms)[0m  [1m[34mSELECT  `users`.* FROM `users` ORDER BY users.id desc LIMIT 20 OFFSET 0[0m
  Rendered C:/RailsInstaller/Ruby2.3.0/lib/ruby/gems/2.3.0/bundler/gems/rails_admin-c3794fee412e/app/views/rails_admin/main/index.html.haml within layouts/rails_admin/pjax (250.0ms)
Completed 200 OK in 705ms (Views: 611.8ms | ActiveRecord: 15.6ms)


Started GET "/admin/user/new?_pjax=%5Bdata-pjax-container%5D" for 127.0.0.1 at 2017-09-12 10:27:16 -0300
Processing by RailsAdmin::MainController#new as HTML
  Parameters: {"_pjax"=>"[data-pjax-container]", "model_name"=>"user"}
  Rendering C:/RailsInstaller/Ruby2.3.0/lib/ruby/gems/2.3.0/bundler/gems/rails_admin-c3794fee412e/app/views/rails_admin/main/new.html.haml within layouts/rails_admin/pjax
  Rendered C:/RailsInstaller/Ruby2.3.0/lib/ruby/gems/2.3.0/bundler/gems/rails_admin-c3794fee412e/app/views/rails_admin/main/_form_field.html.haml (0.0ms)
  Rendered C:/RailsInstaller/Ruby2.3.0/lib/ruby/gems/2.3.0/bundler/gems/rails_admin-c3794fee412e/app/views/rails_admin/main/_form_field.html.haml (0.0ms)
  Rendered C:/RailsInstaller/Ruby2.3.0/lib/ruby/gems/2.3.0/bundler/gems/rails_admin-c3794fee412e/app/views/rails_admin/main/_form_field.html.haml (0.0ms)
  Rendered C:/RailsInstaller/Ruby2.3.0/lib/ruby/gems/2.3.0/bundler/gems/rails_admin-c3794fee412e/app/views/rails_admin/main/_form_datetime.html.haml (0.0ms)
  Rendered C:/RailsInstaller/Ruby2.3.0/lib/ruby/gems/2.3.0/bundler/gems/rails_admin-c3794fee412e/app/views/rails_admin/main/_form_datetime.html.haml (0.0ms)
  Rendered C:/RailsInstaller/Ruby2.3.0/lib/ruby/gems/2.3.0/bundler/gems/rails_admin-c3794fee412e/app/views/rails_admin/main/_form_field.html.haml (0.0ms)
  Rendered C:/RailsInstaller/Ruby2.3.0/lib/ruby/gems/2.3.0/bundler/gems/rails_admin-c3794fee412e/app/views/rails_admin/main/_form_datetime.html.haml (0.0ms)
  Rendered C:/RailsInstaller/Ruby2.3.0/lib/ruby/gems/2.3.0/bundler/gems/rails_admin-c3794fee412e/app/views/rails_admin/main/_form_datetime.html.haml (0.0ms)
Started GET "/admin/user/new" for 127.0.0.1 at 2017-09-12 10:27:18 -0300
  Rendered C:/RailsInstaller/Ruby2.3.0/lib/ruby/gems/2.3.0/bundler/gems/rails_admin-c3794fee412e/app/views/rails_admin/main/_form_field.html.haml (1.0ms)
Processing by RailsAdmin::MainController#new as HTML
  Parameters: {"model_name"=>"user"}
  Rendered C:/RailsInstaller/Ruby2.3.0/lib/ruby/gems/2.3.0/bundler/gems/rails_admin-c3794fee412e/app/views/rails_admin/main/_form_field.html.haml (1.0ms)
  Rendered C:/RailsInstaller/Ruby2.3.0/lib/ruby/gems/2.3.0/bundler/gems/rails_admin-c3794fee412e/app/views/rails_admin/main/_submit_buttons.html.haml (15.1ms)
  Rendered C:/RailsInstaller/Ruby2.3.0/lib/ruby/gems/2.3.0/bundler/gems/rails_admin-c3794fee412e/app/views/rails_admin/main/new.html.haml within layouts/rails_admin/pjax (2093.7ms)
Completed 200 OK in 2395ms (Views: 2389.0ms | ActiveRecord: 0.0ms)


  Rendering C:/RailsInstaller/Ruby2.3.0/lib/ruby/gems/2.3.0/bundler/gems/rails_admin-c3794fee412e/app/views/rails_admin/main/new.html.haml within layouts/rails_admin/application
  Rendered C:/RailsInstaller/Ruby2.3.0/lib/ruby/gems/2.3.0/bundler/gems/rails_admin-c3794fee412e/app/views/rails_admin/main/_form_field.html.haml (2.0ms)
  Rendered C:/RailsInstaller/Ruby2.3.0/lib/ruby/gems/2.3.0/bundler/gems/rails_admin-c3794fee412e/app/views/rails_admin/main/_form_field.html.haml (0.0ms)
  Rendered C:/RailsInstaller/Ruby2.3.0/lib/ruby/gems/2.3.0/bundler/gems/rails_admin-c3794fee412e/app/views/rails_admin/main/_form_field.html.haml (1.0ms)
  Rendered C:/RailsInstaller/Ruby2.3.0/lib/ruby/gems/2.3.0/bundler/gems/rails_admin-c3794fee412e/app/views/rails_admin/main/_form_datetime.html.haml (5.0ms)
  Rendered C:/RailsInstaller/Ruby2.3.0/lib/ruby/gems/2.3.0/bundler/gems/rails_admin-c3794fee412e/app/views/rails_admin/main/_form_datetime.html.haml (0.0ms)
  Rendered C:/RailsInstaller/Ruby2.3.0/lib/ruby/gems/2.3.0/bundler/gems/rails_admin-c3794fee412e/app/views/rails_admin/main/_form_field.html.haml (0.0ms)
  Rendered C:/RailsInstaller/Ruby2.3.0/lib/ruby/gems/2.3.0/bundler/gems/rails_admin-c3794fee412e/app/views/rails_admin/main/_form_datetime.html.haml (1.0ms)
  Rendered C:/RailsInstaller/Ruby2.3.0/lib/ruby/gems/2.3.0/bundler/gems/rails_admin-c3794fee412e/app/views/rails_admin/main/_form_datetime.html.haml (1.0ms)
  Rendered C:/RailsInstaller/Ruby2.3.0/lib/ruby/gems/2.3.0/bundler/gems/rails_admin-c3794fee412e/app/views/rails_admin/main/_form_field.html.haml (1.0ms)
  Rendered C:/RailsInstaller/Ruby2.3.0/lib/ruby/gems/2.3.0/bundler/gems/rails_admin-c3794fee412e/app/views/rails_admin/main/_form_field.html.haml (0.0ms)
  Rendered C:/RailsInstaller/Ruby2.3.0/lib/ruby/gems/2.3.0/bundler/gems/rails_admin-c3794fee412e/app/views/rails_admin/main/_submit_buttons.html.haml (15.0ms)
  Rendered C:/RailsInstaller/Ruby2.3.0/lib/ruby/gems/2.3.0/bundler/gems/rails_admin-c3794fee412e/app/views/rails_admin/main/new.html.haml within layouts/rails_admin/application (1619.3ms)
  Rendered C:/RailsInstaller/Ruby2.3.0/lib/ruby/gems/2.3.0/bundler/gems/rails_admin-c3794fee412e/app/views/layouts/rails_admin/_secondary_navigation.html.haml (6.0ms)
  Rendered C:/RailsInstaller/Ruby2.3.0/lib/ruby/gems/2.3.0/bundler/gems/rails_admin-c3794fee412e/app/views/layouts/rails_admin/_navigation.html.haml (187.4ms)
  Rendered C:/RailsInstaller/Ruby2.3.0/lib/ruby/gems/2.3.0/bundler/gems/rails_admin-c3794fee412e/app/views/layouts/rails_admin/_sidebar_navigation.html.haml (5.0ms)
  Rendering C:/RailsInstaller/Ruby2.3.0/lib/ruby/gems/2.3.0/bundler/gems/rails_admin-c3794fee412e/app/views/layouts/rails_admin/pjax.html.haml
  Rendered C:/RailsInstaller/Ruby2.3.0/lib/ruby/gems/2.3.0/bundler/gems/rails_admin-c3794fee412e/app/views/layouts/rails_admin/pjax.html.haml (14.0ms)
Completed 200 OK in 3652ms (Views: 3644.9ms | ActiveRecord: 0.0ms)


Started POST "/admin/user/new" for 127.0.0.1 at 2017-09-12 10:27:46 -0300
Processing by RailsAdmin::MainController#new as HTML
  Parameters: {"utf8"=>"✓", "authenticity_token"=>"T2rABfjqADfhWp3XZ10+NhWSbBDYxOrXtbmxIaCd4cuzLdgxLVNi5Df7arjIyAKGWJZ8vgChn9OXVXVAIV7giQ==", "user"=>{"email"=>"empresas@anb.net.br", "password"=>"[FILTERED]", "password_confirmation"=>"[FILTERED]", "reset_password_sent_at"=>"[FILTERED]", "remember_created_at"=>"", "sign_in_count"=>"0", "current_sign_in_at"=>"", "last_sign_in_at"=>"", "current_sign_in_ip"=>"", "last_sign_in_ip"=>""}, "return_to"=>"http://localhost:3000/admin/user/new", "_save"=>"", "model_name"=>"user"}
Completed 500 Internal Server Error in 79ms (ActiveRecord: 0.0ms)


  
LoadError (cannot load such file -- bcrypt_ext):
  
activesupport (5.1.4) lib/active_support/dependencies.rb:292:in `require'
activesupport (5.1.4) lib/active_support/dependencies.rb:292:in `block in require'
activesupport (5.1.4) lib/active_support/dependencies.rb:258:in `load_dependency'
activesupport (5.1.4) lib/active_support/dependencies.rb:292:in `require'
bcrypt-3.1.11-x86 (mingw32) lib/bcrypt.rb:16:in `rescue in <top (required)>'
bcrypt-3.1.11-x86 (mingw32) lib/bcrypt.rb:12:in `<top (required)>'
activesupport (5.1.4) lib/active_support/dependencies.rb:292:in `require'
activesupport (5.1.4) lib/active_support/dependencies.rb:292:in `block in require'
activesupport (5.1.4) lib/active_support/dependencies.rb:258:in `load_dependency'
activesupport (5.1.4) lib/active_support/dependencies.rb:292:in `require'
devise (4.3.0) lib/devise/encryptor.rb:1:in `<top (required)>'
activesupport (5.1.4) lib/active_support/dependencies.rb:292:in `require'
activesupport (5.1.4) lib/active_support/dependencies.rb:292:in `block in require'
activesupport (5.1.4) lib/active_support/dependencies.rb:258:in `load_dependency'
activesupport (5.1.4) lib/active_support/dependencies.rb:292:in `require'
devise (4.3.0) lib/devise/models/database_authenticatable.rb:165:in `password_digest'
devise (4.3.0) lib/devise/models/database_authenticatable.rb:45:in `password='
activemodel (5.1.4) lib/active_model/attribute_assignment.rb:46:in `public_send'
activemodel (5.1.4) lib/active_model/attribute_assignment.rb:46:in `_assign_attribute'
activemodel (5.1.4) lib/active_model/attribute_assignment.rb:40:in `block in _assign_attributes'
activemodel (5.1.4) lib/active_model/attribute_assignment.rb:39:in `each'
activemodel (5.1.4) lib/active_model/attribute_assignment.rb:39:in `_assign_attributes'
activerecord (5.1.4) lib/active_record/attribute_assignment.rb:26:in `_assign_attributes'
activemodel (5.1.4) lib/active_model/attribute_assignment.rb:33:in `assign_attributes'
C:/RailsInstaller/Ruby2.3.0/lib/ruby/gems/2.3.0/bundler/gems/rails_admin-c3794fee412e/lib/rails_admin/adapters/active_record/abstract_object.rb:19:in `set_attributes'
C:/RailsInstaller/Ruby2.3.0/lib/ruby/gems/2.3.0/bundler/gems/rails_admin-c3794fee412e/lib/rails_admin/config/actions/new.rb:38:in `block (2 levels) in <class:New>'
C:/RailsInstaller/Ruby2.3.0/lib/ruby/gems/2.3.0/bundler/gems/rails_admin-c3794fee412e/app/controllers/rails_admin/main_controller.rb:22:in `instance_eval'
C:/RailsInstaller/Ruby2.3.0/lib/ruby/gems/2.3.0/bundler/gems/rails_admin-c3794fee412e/app/controllers/rails_admin/main_controller.rb:22:in `new'
actionpack (5.1.4) lib/action_controller/metal/basic_implicit_render.rb:4:in `send_action'
actionpack (5.1.4) lib/abstract_controller/base.rb:186:in `process_action'
actionpack (5.1.4) lib/action_controller/metal/rendering.rb:30:in `process_action'
actionpack (5.1.4) lib/abstract_controller/callbacks.rb:20:in `block in process_action'
activesupport (5.1.4) lib/active_support/callbacks.rb:131:in `run_callbacks'
actionpack (5.1.4) lib/abstract_controller/callbacks.rb:19:in `process_action'
actionpack (5.1.4) lib/action_controller/metal/rescue.rb:20:in `process_action'
actionpack (5.1.4) lib/action_controller/metal/instrumentation.rb:32:in `block in process_action'
activesupport (5.1.4) lib/active_support/notifications.rb:166:in `block in instrument'
activesupport (5.1.4) lib/active_support/notifications/instrumenter.rb:21:in `instrument'
activesupport (5.1.4) lib/active_support/notifications.rb:166:in `instrument'
actionpack (5.1.4) lib/action_controller/metal/instrumentation.rb:30:in `process_action'
actionpack (5.1.4) lib/action_controller/metal/params_wrapper.rb:252:in `process_action'
activerecord (5.1.4) lib/active_record/railties/controller_runtime.rb:22:in `process_action'
actionpack (5.1.4) lib/abstract_controller/base.rb:124:in `process'
actionview (5.1.4) lib/action_view/rendering.rb:30:in `process'
actionpack (5.1.4) lib/action_controller/metal.rb:189:in `dispatch'
actionpack (5.1.4) lib/action_controller/metal.rb:253:in `dispatch'
actionpack (5.1.4) lib/action_dispatch/routing/route_set.rb:49:in `dispatch'
actionpack (5.1.4) lib/action_dispatch/routing/route_set.rb:31:in `serve'
actionpack (5.1.4) lib/action_dispatch/journey/router.rb:50:in `block in serve'
actionpack (5.1.4) lib/action_dispatch/journey/router.rb:33:in `each'
actionpack (5.1.4) lib/action_dispatch/journey/router.rb:33:in `serve'
actionpack (5.1.4) lib/action_dispatch/routing/route_set.rb:834:in `call'
railties (5.1.4) lib/rails/engine.rb:522:in `call'
railties (5.1.4) lib/rails/railtie.rb:185:in `public_send'
railties (5.1.4) lib/rails/railtie.rb:185:in `method_missing'
actionpack (5.1.4) lib/action_dispatch/routing/mapper.rb:17:in `block in <class:Constraints>'
actionpack (5.1.4) lib/action_dispatch/routing/mapper.rb:46:in `serve'
actionpack (5.1.4) lib/action_dispatch/journey/router.rb:50:in `block in serve'
actionpack (5.1.4) lib/action_dispatch/journey/router.rb:33:in `each'
actionpack (5.1.4) lib/action_dispatch/journey/router.rb:33:in `serve'
actionpack (5.1.4) lib/action_dispatch/routing/route_set.rb:834:in `call'
rack-pjax (1.0.0) lib/rack/pjax.rb:12:in `call'
C:/RailsInstaller/Ruby2.3.0/lib/ruby/gems/2.3.0/bundler/gems/remotipart-cd653ddc43bb/lib/remotipart/middleware.rb:32:in `call'
warden (1.2.7) lib/warden/manager.rb:36:in `block in call'
warden (1.2.7) lib/warden/manager.rb:35:in `catch'
warden (1.2.7) lib/warden/manager.rb:35:in `call'
rack (2.0.3) lib/rack/etag.rb:25:in `call'
rack (2.0.3) lib/rack/conditional_get.rb:38:in `call'
rack (2.0.3) lib/rack/head.rb:12:in `call'
rack (2.0.3) lib/rack/session/abstract/id.rb:232:in `context'
rack (2.0.3) lib/rack/session/abstract/id.rb:226:in `call'
actionpack (5.1.4) lib/action_dispatch/middleware/cookies.rb:613:in `call'
activerecord (5.1.4) lib/active_record/migration.rb:556:in `call'
actionpack (5.1.4) lib/action_dispatch/middleware/callbacks.rb:26:in `block in call'
activesupport (5.1.4) lib/active_support/callbacks.rb:97:in `run_callbacks'
actionpack (5.1.4) lib/action_dispatch/middleware/callbacks.rb:24:in `call'
actionpack (5.1.4) lib/action_dispatch/middleware/executor.rb:12:in `call'
actionpack (5.1.4) lib/action_dispatch/middleware/debug_exceptions.rb:59:in `call'
web-console (3.5.1) lib/web_console/middleware.rb:135:in `call_app'
web-console (3.5.1) lib/web_console/middleware.rb:28:in `block in call'
web-console (3.5.1) lib/web_console/middleware.rb:18:in `catch'
web-console (3.5.1) lib/web_console/middleware.rb:18:in `call'
actionpack (5.1.4) lib/action_dispatch/middleware/show_exceptions.rb:31:in `call'
railties (5.1.4) lib/rails/rack/logger.rb:36:in `call_app'
railties (5.1.4) lib/rails/rack/logger.rb:24:in `block in call'
activesupport (5.1.4) lib/active_support/tagged_logging.rb:69:in `block in tagged'
activesupport (5.1.4) lib/active_support/tagged_logging.rb:26:in `tagged'
activesupport (5.1.4) lib/active_support/tagged_logging.rb:69:in `tagged'
railties (5.1.4) lib/rails/rack/logger.rb:24:in `call'
sprockets-rails (3.2.1) lib/sprockets/rails/quiet_assets.rb:13:in `call'
actionpack (5.1.4) lib/action_dispatch/middleware/remote_ip.rb:79:in `call'
actionpack (5.1.4) lib/action_dispatch/middleware/request_id.rb:25:in `call'
rack (2.0.3) lib/rack/method_override.rb:22:in `call'
rack (2.0.3) lib/rack/runtime.rb:22:in `call'
activesupport (5.1.4) lib/active_support/cache/strategy/local_cache_middleware.rb:27:in `call'
actionpack (5.1.4) lib/action_dispatch/middleware/executor.rb:12:in `call'
actionpack (5.1.4) lib/action_dispatch/middleware/static.rb:125:in `call'
rack (2.0.3) lib/rack/sendfile.rb:111:in `call'
railties (5.1.4) lib/rails/engine.rb:522:in `call'
puma (3.10.0) lib/puma/configuration.rb:225:in `call'
puma (3.10.0) lib/puma/server.rb:605:in `handle_request'
puma (3.10.0) lib/puma/server.rb:437:in `process_client'
puma (3.10.0) lib/puma/server.rb:301:in `block in run'
puma (3.10.0) lib/puma/thread_pool.rb:120:in `block in spawn_thread'
Started GET "/" for 127.0.0.1 at 2017-09-15 11:20:54 -0300
  [1m[35m (4.0ms)[0m  [1m[35mSET NAMES utf8,  @@SESSION.sql_mode = CONCAT(CONCAT(@@sql_mode, ',STRICT_ALL_TABLES'), ',NO_AUTO_VALUE_ON_ZERO'),  @@SESSION.sql_auto_is_null = 0, @@SESSION.wait_timeout = 2147483[0m
  [1m[35m (0.0ms)[0m  [1m[34mSELECT `schema_migrations`.`version` FROM `schema_migrations` ORDER BY `schema_migrations`.`version` ASC[0m
Processing by HomeController#index as HTML
  Rendering home/index.html.erb within layouts/application
  Rendered home/index.html.erb within layouts/application (8.0ms)
Completed 200 OK in 2620ms (Views: 2577.3ms | ActiveRecord: 0.0ms)


Started GET "/users" for 127.0.0.1 at 2017-09-15 11:22:09 -0300
  
ActionController::RoutingError (No route matches [GET] "/users"):
  
actionpack (5.1.4) lib/action_dispatch/middleware/debug_exceptions.rb:63:in `call'
web-console (3.5.1) lib/web_console/middleware.rb:135:in `call_app'
web-console (3.5.1) lib/web_console/middleware.rb:28:in `block in call'
web-console (3.5.1) lib/web_console/middleware.rb:18:in `catch'
web-console (3.5.1) lib/web_console/middleware.rb:18:in `call'
actionpack (5.1.4) lib/action_dispatch/middleware/show_exceptions.rb:31:in `call'
railties (5.1.4) lib/rails/rack/logger.rb:36:in `call_app'
railties (5.1.4) lib/rails/rack/logger.rb:24:in `block in call'
activesupport (5.1.4) lib/active_support/tagged_logging.rb:69:in `block in tagged'
activesupport (5.1.4) lib/active_support/tagged_logging.rb:26:in `tagged'
activesupport (5.1.4) lib/active_support/tagged_logging.rb:69:in `tagged'
railties (5.1.4) lib/rails/rack/logger.rb:24:in `call'
sprockets-rails (3.2.1) lib/sprockets/rails/quiet_assets.rb:13:in `call'
actionpack (5.1.4) lib/action_dispatch/middleware/remote_ip.rb:79:in `call'
actionpack (5.1.4) lib/action_dispatch/middleware/request_id.rb:25:in `call'
rack (2.0.3) lib/rack/method_override.rb:22:in `call'
rack (2.0.3) lib/rack/runtime.rb:22:in `call'
activesupport (5.1.4) lib/active_support/cache/strategy/local_cache_middleware.rb:27:in `call'
actionpack (5.1.4) lib/action_dispatch/middleware/executor.rb:12:in `call'
actionpack (5.1.4) lib/action_dispatch/middleware/static.rb:125:in `call'
rack (2.0.3) lib/rack/sendfile.rb:111:in `call'
railties (5.1.4) lib/rails/engine.rb:522:in `call'
puma (3.10.0) lib/puma/configuration.rb:225:in `call'
puma (3.10.0) lib/puma/server.rb:605:in `handle_request'
puma (3.10.0) lib/puma/server.rb:437:in `process_client'
puma (3.10.0) lib/puma/server.rb:301:in `block in run'
puma (3.10.0) lib/puma/thread_pool.rb:120:in `block in spawn_thread'
Started GET "/" for 127.0.0.1 at 2017-09-16 13:23:19 -0300
  [1m[35m (276.9ms)[0m  [1m[35mSET NAMES utf8,  @@SESSION.sql_mode = CONCAT(CONCAT(@@sql_mode, ',STRICT_ALL_TABLES'), ',NO_AUTO_VALUE_ON_ZERO'),  @@SESSION.sql_auto_is_null = 0, @@SESSION.wait_timeout = 2147483[0m
  [1m[35m (301.7ms)[0m  [1m[34mSELECT `schema_migrations`.`version` FROM `schema_migrations` ORDER BY `schema_migrations`.`version` ASC[0m
Processing by HomeController#index as HTML
  Rendering home/index.html.erb within layouts/application
  Rendered home/index.html.erb within layouts/application (6.0ms)
Completed 200 OK in 3023ms (Views: 2982.6ms | ActiveRecord: 0.0ms)


Started GET "/admin" for 127.0.0.1 at 2017-09-16 13:24:08 -0300
Processing by RailsAdmin::MainController#dashboard as HTML
  [1m[35m (1.0ms)[0m  [1m[34mSELECT COUNT(*) FROM `users`[0m
  [1m[36mUser Load (0.0ms)[0m  [1m[34mSELECT  `users`.* FROM `users` ORDER BY `users`.`id` DESC LIMIT 1[0m
  Rendering C:/RailsInstaller/Ruby2.3.0/lib/ruby/gems/2.3.0/bundler/gems/rails_admin-c3794fee412e/app/views/rails_admin/main/dashboard.html.haml within layouts/rails_admin/application
  Rendered C:/RailsInstaller/Ruby2.3.0/lib/ruby/gems/2.3.0/bundler/gems/rails_admin-c3794fee412e/app/views/rails_admin/main/dashboard.html.haml within layouts/rails_admin/application (60.3ms)
  Rendered C:/RailsInstaller/Ruby2.3.0/lib/ruby/gems/2.3.0/bundler/gems/rails_admin-c3794fee412e/app/views/layouts/rails_admin/_secondary_navigation.html.haml (19.0ms)
  Rendered C:/RailsInstaller/Ruby2.3.0/lib/ruby/gems/2.3.0/bundler/gems/rails_admin-c3794fee412e/app/views/layouts/rails_admin/_navigation.html.haml (279.2ms)
  Rendered C:/RailsInstaller/Ruby2.3.0/lib/ruby/gems/2.3.0/bundler/gems/rails_admin-c3794fee412e/app/views/layouts/rails_admin/_sidebar_navigation.html.haml (5.0ms)
  Rendering C:/RailsInstaller/Ruby2.3.0/lib/ruby/gems/2.3.0/bundler/gems/rails_admin-c3794fee412e/app/views/layouts/rails_admin/pjax.html.haml
  Rendered C:/RailsInstaller/Ruby2.3.0/lib/ruby/gems/2.3.0/bundler/gems/rails_admin-c3794fee412e/app/views/layouts/rails_admin/pjax.html.haml (7.0ms)
Completed 200 OK in 8296ms (Views: 2639.0ms | ActiveRecord: 87.1ms)


Started GET "/admin/user?_pjax=%5Bdata-pjax-container%5D" for 127.0.0.1 at 2017-09-16 16:59:57 -0300
Started GET "/admin/user" for 127.0.0.1 at 2017-09-16 16:59:59 -0300
Processing by RailsAdmin::MainController#index as HTML
  Parameters: {"model_name"=>"user"}
Processing by RailsAdmin::MainController#index as HTML
  Parameters: {"_pjax"=>"[data-pjax-container]", "model_name"=>"user"}
  Rendering C:/RailsInstaller/Ruby2.3.0/lib/ruby/gems/2.3.0/bundler/gems/rails_admin-c3794fee412e/app/views/rails_admin/main/index.html.haml within layouts/rails_admin/pjax
  Rendering C:/RailsInstaller/Ruby2.3.0/lib/ruby/gems/2.3.0/bundler/gems/rails_admin-c3794fee412e/app/views/rails_admin/main/index.html.haml within layouts/rails_admin/application
  [1m[36mUser Load (105.3ms)[0m  [1m[34mSELECT  `users`.* FROM `users` ORDER BY users.id desc LIMIT 20 OFFSET 0[0m
  Rendered C:/RailsInstaller/Ruby2.3.0/lib/ruby/gems/2.3.0/bundler/gems/rails_admin-c3794fee412e/app/views/rails_admin/main/index.html.haml within layouts/rails_admin/application (469.8ms)
  [1m[35m (94.3ms)[0m  [1m[35mSET NAMES utf8,  @@SESSION.sql_mode = CONCAT(CONCAT(@@sql_mode, ',STRICT_ALL_TABLES'), ',NO_AUTO_VALUE_ON_ZERO'),  @@SESSION.sql_auto_is_null = 0, @@SESSION.wait_timeout = 2147483[0m
  [1m[36mUser Load (166.2ms)[0m  [1m[34mSELECT  `users`.* FROM `users` ORDER BY users.id desc LIMIT 20 OFFSET 0[0m
  Rendered C:/RailsInstaller/Ruby2.3.0/lib/ruby/gems/2.3.0/bundler/gems/rails_admin-c3794fee412e/app/views/rails_admin/main/index.html.haml within layouts/rails_admin/pjax (1431.7ms)
Completed 200 OK in 2768ms (Views: 2286.9ms | ActiveRecord: 260.6ms)


  Rendered C:/RailsInstaller/Ruby2.3.0/lib/ruby/gems/2.3.0/bundler/gems/rails_admin-c3794fee412e/app/views/layouts/rails_admin/_secondary_navigation.html.haml (6.5ms)
  Rendered C:/RailsInstaller/Ruby2.3.0/lib/ruby/gems/2.3.0/bundler/gems/rails_admin-c3794fee412e/app/views/layouts/rails_admin/_navigation.html.haml (322.3ms)
  Rendered C:/RailsInstaller/Ruby2.3.0/lib/ruby/gems/2.3.0/bundler/gems/rails_admin-c3794fee412e/app/views/layouts/rails_admin/_sidebar_navigation.html.haml (4.0ms)
  Rendering C:/RailsInstaller/Ruby2.3.0/lib/ruby/gems/2.3.0/bundler/gems/rails_admin-c3794fee412e/app/views/layouts/rails_admin/pjax.html.haml
  Rendered C:/RailsInstaller/Ruby2.3.0/lib/ruby/gems/2.3.0/bundler/gems/rails_admin-c3794fee412e/app/views/layouts/rails_admin/pjax.html.haml (10.0ms)
Completed 200 OK in 5209ms (Views: 4702.4ms | ActiveRecord: 105.3ms)


Started GET "/admin/user/new?_pjax=%5Bdata-pjax-container%5D" for 127.0.0.1 at 2017-09-16 17:00:06 -0300
Processing by RailsAdmin::MainController#new as HTML
  Parameters: {"_pjax"=>"[data-pjax-container]", "model_name"=>"user"}
  Rendering C:/RailsInstaller/Ruby2.3.0/lib/ruby/gems/2.3.0/bundler/gems/rails_admin-c3794fee412e/app/views/rails_admin/main/new.html.haml within layouts/rails_admin/pjax
  Rendered C:/RailsInstaller/Ruby2.3.0/lib/ruby/gems/2.3.0/bundler/gems/rails_admin-c3794fee412e/app/views/rails_admin/main/_form_field.html.haml (14.0ms)
  Rendered C:/RailsInstaller/Ruby2.3.0/lib/ruby/gems/2.3.0/bundler/gems/rails_admin-c3794fee412e/app/views/rails_admin/main/_form_field.html.haml (7.5ms)
  Rendered C:/RailsInstaller/Ruby2.3.0/lib/ruby/gems/2.3.0/bundler/gems/rails_admin-c3794fee412e/app/views/rails_admin/main/_form_field.html.haml (1.0ms)
  Rendered C:/RailsInstaller/Ruby2.3.0/lib/ruby/gems/2.3.0/bundler/gems/rails_admin-c3794fee412e/app/views/rails_admin/main/_form_datetime.html.haml (6.5ms)
  Rendered C:/RailsInstaller/Ruby2.3.0/lib/ruby/gems/2.3.0/bundler/gems/rails_admin-c3794fee412e/app/views/rails_admin/main/_form_datetime.html.haml (1.0ms)
  Rendered C:/RailsInstaller/Ruby2.3.0/lib/ruby/gems/2.3.0/bundler/gems/rails_admin-c3794fee412e/app/views/rails_admin/main/_form_field.html.haml (5.0ms)
  Rendered C:/RailsInstaller/Ruby2.3.0/lib/ruby/gems/2.3.0/bundler/gems/rails_admin-c3794fee412e/app/views/rails_admin/main/_form_datetime.html.haml (1.0ms)
  Rendered C:/RailsInstaller/Ruby2.3.0/lib/ruby/gems/2.3.0/bundler/gems/rails_admin-c3794fee412e/app/views/rails_admin/main/_form_datetime.html.haml (1.0ms)
  Rendered C:/RailsInstaller/Ruby2.3.0/lib/ruby/gems/2.3.0/bundler/gems/rails_admin-c3794fee412e/app/views/rails_admin/main/_form_field.html.haml (0.5ms)
  Rendered C:/RailsInstaller/Ruby2.3.0/lib/ruby/gems/2.3.0/bundler/gems/rails_admin-c3794fee412e/app/views/rails_admin/main/_form_field.html.haml (0.5ms)
  Rendered C:/RailsInstaller/Ruby2.3.0/lib/ruby/gems/2.3.0/bundler/gems/rails_admin-c3794fee412e/app/views/rails_admin/main/_submit_buttons.html.haml (12.0ms)
  Rendered C:/RailsInstaller/Ruby2.3.0/lib/ruby/gems/2.3.0/bundler/gems/rails_admin-c3794fee412e/app/views/rails_admin/main/new.html.haml within layouts/rails_admin/pjax (2782.5ms)
Completed 200 OK in 3363ms (Views: 3356.7ms | ActiveRecord: 0.0ms)


Started GET "/admin/user/new?_pjax=%5Bdata-pjax-container%5D" for 127.0.0.1 at 2017-09-16 17:00:11 -0300
Processing by RailsAdmin::MainController#new as HTML
  Parameters: {"_pjax"=>"[data-pjax-container]", "model_name"=>"user"}
  Rendering C:/RailsInstaller/Ruby2.3.0/lib/ruby/gems/2.3.0/bundler/gems/rails_admin-c3794fee412e/app/views/rails_admin/main/new.html.haml within layouts/rails_admin/pjax
  Rendered C:/RailsInstaller/Ruby2.3.0/lib/ruby/gems/2.3.0/bundler/gems/rails_admin-c3794fee412e/app/views/rails_admin/main/_form_field.html.haml (2.5ms)
  Rendered C:/RailsInstaller/Ruby2.3.0/lib/ruby/gems/2.3.0/bundler/gems/rails_admin-c3794fee412e/app/views/rails_admin/main/_form_field.html.haml (0.5ms)
  Rendered C:/RailsInstaller/Ruby2.3.0/lib/ruby/gems/2.3.0/bundler/gems/rails_admin-c3794fee412e/app/views/rails_admin/main/_form_field.html.haml (0.5ms)
  Rendered C:/RailsInstaller/Ruby2.3.0/lib/ruby/gems/2.3.0/bundler/gems/rails_admin-c3794fee412e/app/views/rails_admin/main/_form_datetime.html.haml (4.5ms)
  Rendered C:/RailsInstaller/Ruby2.3.0/lib/ruby/gems/2.3.0/bundler/gems/rails_admin-c3794fee412e/app/views/rails_admin/main/_form_datetime.html.haml (1.0ms)
  Rendered C:/RailsInstaller/Ruby2.3.0/lib/ruby/gems/2.3.0/bundler/gems/rails_admin-c3794fee412e/app/views/rails_admin/main/_form_field.html.haml (0.5ms)
Started GET "/admin/user/new" for 127.0.0.1 at 2017-09-16 17:00:13 -0300
  Rendered C:/RailsInstaller/Ruby2.3.0/lib/ruby/gems/2.3.0/bundler/gems/rails_admin-c3794fee412e/app/views/rails_admin/main/_form_datetime.html.haml (2.0ms)
Processing by RailsAdmin::MainController#new as HTML
  Parameters: {"model_name"=>"user"}
  Rendered C:/RailsInstaller/Ruby2.3.0/lib/ruby/gems/2.3.0/bundler/gems/rails_admin-c3794fee412e/app/views/rails_admin/main/_form_datetime.html.haml (0.5ms)
  Rendered C:/RailsInstaller/Ruby2.3.0/lib/ruby/gems/2.3.0/bundler/gems/rails_admin-c3794fee412e/app/views/rails_admin/main/_form_field.html.haml (0.5ms)
  Rendering C:/RailsInstaller/Ruby2.3.0/lib/ruby/gems/2.3.0/bundler/gems/rails_admin-c3794fee412e/app/views/rails_admin/main/new.html.haml within layouts/rails_admin/application
  Rendered C:/RailsInstaller/Ruby2.3.0/lib/ruby/gems/2.3.0/bundler/gems/rails_admin-c3794fee412e/app/views/rails_admin/main/_form_field.html.haml (0.5ms)
  Rendered C:/RailsInstaller/Ruby2.3.0/lib/ruby/gems/2.3.0/bundler/gems/rails_admin-c3794fee412e/app/views/rails_admin/main/_form_field.html.haml (4.0ms)
  Rendered C:/RailsInstaller/Ruby2.3.0/lib/ruby/gems/2.3.0/bundler/gems/rails_admin-c3794fee412e/app/views/rails_admin/main/_submit_buttons.html.haml (208.1ms)
  Rendered C:/RailsInstaller/Ruby2.3.0/lib/ruby/gems/2.3.0/bundler/gems/rails_admin-c3794fee412e/app/views/rails_admin/main/_form_field.html.haml (1.0ms)
  Rendered C:/RailsInstaller/Ruby2.3.0/lib/ruby/gems/2.3.0/bundler/gems/rails_admin-c3794fee412e/app/views/rails_admin/main/new.html.haml within layouts/rails_admin/pjax (3489.6ms)
Completed 200 OK in 4143ms (Views: 4133.3ms | ActiveRecord: 0.0ms)


  Rendered C:/RailsInstaller/Ruby2.3.0/lib/ruby/gems/2.3.0/bundler/gems/rails_admin-c3794fee412e/app/views/rails_admin/main/_form_field.html.haml (1.0ms)
  Rendered C:/RailsInstaller/Ruby2.3.0/lib/ruby/gems/2.3.0/bundler/gems/rails_admin-c3794fee412e/app/views/rails_admin/main/_form_datetime.html.haml (4.0ms)
  Rendered C:/RailsInstaller/Ruby2.3.0/lib/ruby/gems/2.3.0/bundler/gems/rails_admin-c3794fee412e/app/views/rails_admin/main/_form_datetime.html.haml (1.0ms)
  Rendered C:/RailsInstaller/Ruby2.3.0/lib/ruby/gems/2.3.0/bundler/gems/rails_admin-c3794fee412e/app/views/rails_admin/main/_form_field.html.haml (0.5ms)
  Rendered C:/RailsInstaller/Ruby2.3.0/lib/ruby/gems/2.3.0/bundler/gems/rails_admin-c3794fee412e/app/views/rails_admin/main/_form_datetime.html.haml (1.0ms)
  Rendered C:/RailsInstaller/Ruby2.3.0/lib/ruby/gems/2.3.0/bundler/gems/rails_admin-c3794fee412e/app/views/rails_admin/main/_form_datetime.html.haml (1.0ms)
  Rendered C:/RailsInstaller/Ruby2.3.0/lib/ruby/gems/2.3.0/bundler/gems/rails_admin-c3794fee412e/app/views/rails_admin/main/_form_field.html.haml (0.5ms)
  Rendered C:/RailsInstaller/Ruby2.3.0/lib/ruby/gems/2.3.0/bundler/gems/rails_admin-c3794fee412e/app/views/rails_admin/main/_form_field.html.haml (0.5ms)
  Rendered C:/RailsInstaller/Ruby2.3.0/lib/ruby/gems/2.3.0/bundler/gems/rails_admin-c3794fee412e/app/views/rails_admin/main/_submit_buttons.html.haml (12.0ms)
  Rendered C:/RailsInstaller/Ruby2.3.0/lib/ruby/gems/2.3.0/bundler/gems/rails_admin-c3794fee412e/app/views/rails_admin/main/new.html.haml within layouts/rails_admin/application (2700.6ms)
  Rendered C:/RailsInstaller/Ruby2.3.0/lib/ruby/gems/2.3.0/bundler/gems/rails_admin-c3794fee412e/app/views/layouts/rails_admin/_secondary_navigation.html.haml (6.0ms)
  Rendered C:/RailsInstaller/Ruby2.3.0/lib/ruby/gems/2.3.0/bundler/gems/rails_admin-c3794fee412e/app/views/layouts/rails_admin/_navigation.html.haml (241.3ms)
  Rendered C:/RailsInstaller/Ruby2.3.0/lib/ruby/gems/2.3.0/bundler/gems/rails_admin-c3794fee412e/app/views/layouts/rails_admin/_sidebar_navigation.html.haml (7.0ms)
  Rendering C:/RailsInstaller/Ruby2.3.0/lib/ruby/gems/2.3.0/bundler/gems/rails_admin-c3794fee412e/app/views/layouts/rails_admin/pjax.html.haml
  Rendered C:/RailsInstaller/Ruby2.3.0/lib/ruby/gems/2.3.0/bundler/gems/rails_admin-c3794fee412e/app/views/layouts/rails_admin/pjax.html.haml (49.5ms)
Completed 200 OK in 5377ms (Views: 5364.9ms | ActiveRecord: 0.0ms)


Started POST "/admin/user/new" for 127.0.0.1 at 2017-09-16 17:01:15 -0300
Processing by RailsAdmin::MainController#new as HTML
  Parameters: {"utf8"=>"✓", "authenticity_token"=>"wQtaL3hzjEbRCEQJoeus+OI4iEuDDTIVV+SoniWRZCsMk3yFnpVBlUHDIjtrSJ/wrvc848EDc487Ktz1nAF8GQ==", "user"=>{"email"=>"empresas@anb.net.br", "password"=>"[FILTERED]", "password_confirmation"=>"[FILTERED]", "reset_password_sent_at"=>"[FILTERED]", "remember_created_at"=>"", "sign_in_count"=>"0", "current_sign_in_at"=>"", "last_sign_in_at"=>"", "current_sign_in_ip"=>"", "last_sign_in_ip"=>""}, "return_to"=>"http://localhost:3000/admin/user/new", "_save"=>"", "model_name"=>"user"}
Completed 500 Internal Server Error in 378ms (ActiveRecord: 0.0ms)


  
LoadError (cannot load such file -- bcrypt_ext):
  
activesupport (5.1.4) lib/active_support/dependencies.rb:292:in `require'
activesupport (5.1.4) lib/active_support/dependencies.rb:292:in `block in require'
activesupport (5.1.4) lib/active_support/dependencies.rb:258:in `load_dependency'
activesupport (5.1.4) lib/active_support/dependencies.rb:292:in `require'
bcrypt-3.1.11-x86 (mingw32) lib/bcrypt.rb:16:in `rescue in <top (required)>'
bcrypt-3.1.11-x86 (mingw32) lib/bcrypt.rb:12:in `<top (required)>'
activesupport (5.1.4) lib/active_support/dependencies.rb:292:in `require'
activesupport (5.1.4) lib/active_support/dependencies.rb:292:in `block in require'
activesupport (5.1.4) lib/active_support/dependencies.rb:258:in `load_dependency'
activesupport (5.1.4) lib/active_support/dependencies.rb:292:in `require'
devise (4.3.0) lib/devise/encryptor.rb:1:in `<top (required)>'
activesupport (5.1.4) lib/active_support/dependencies.rb:292:in `require'
activesupport (5.1.4) lib/active_support/dependencies.rb:292:in `block in require'
activesupport (5.1.4) lib/active_support/dependencies.rb:258:in `load_dependency'
activesupport (5.1.4) lib/active_support/dependencies.rb:292:in `require'
devise (4.3.0) lib/devise/models/database_authenticatable.rb:165:in `password_digest'
devise (4.3.0) lib/devise/models/database_authenticatable.rb:45:in `password='
activemodel (5.1.4) lib/active_model/attribute_assignment.rb:46:in `public_send'
activemodel (5.1.4) lib/active_model/attribute_assignment.rb:46:in `_assign_attribute'
activemodel (5.1.4) lib/active_model/attribute_assignment.rb:40:in `block in _assign_attributes'
activemodel (5.1.4) lib/active_model/attribute_assignment.rb:39:in `each'
activemodel (5.1.4) lib/active_model/attribute_assignment.rb:39:in `_assign_attributes'
activerecord (5.1.4) lib/active_record/attribute_assignment.rb:26:in `_assign_attributes'
activemodel (5.1.4) lib/active_model/attribute_assignment.rb:33:in `assign_attributes'
C:/RailsInstaller/Ruby2.3.0/lib/ruby/gems/2.3.0/bundler/gems/rails_admin-c3794fee412e/lib/rails_admin/adapters/active_record/abstract_object.rb:19:in `set_attributes'
C:/RailsInstaller/Ruby2.3.0/lib/ruby/gems/2.3.0/bundler/gems/rails_admin-c3794fee412e/lib/rails_admin/config/actions/new.rb:38:in `block (2 levels) in <class:New>'
C:/RailsInstaller/Ruby2.3.0/lib/ruby/gems/2.3.0/bundler/gems/rails_admin-c3794fee412e/app/controllers/rails_admin/main_controller.rb:22:in `instance_eval'
C:/RailsInstaller/Ruby2.3.0/lib/ruby/gems/2.3.0/bundler/gems/rails_admin-c3794fee412e/app/controllers/rails_admin/main_controller.rb:22:in `new'
actionpack (5.1.4) lib/action_controller/metal/basic_implicit_render.rb:4:in `send_action'
actionpack (5.1.4) lib/abstract_controller/base.rb:186:in `process_action'
actionpack (5.1.4) lib/action_controller/metal/rendering.rb:30:in `process_action'
actionpack (5.1.4) lib/abstract_controller/callbacks.rb:20:in `block in process_action'
activesupport (5.1.4) lib/active_support/callbacks.rb:131:in `run_callbacks'
actionpack (5.1.4) lib/abstract_controller/callbacks.rb:19:in `process_action'
actionpack (5.1.4) lib/action_controller/metal/rescue.rb:20:in `process_action'
actionpack (5.1.4) lib/action_controller/metal/instrumentation.rb:32:in `block in process_action'
activesupport (5.1.4) lib/active_support/notifications.rb:166:in `block in instrument'
activesupport (5.1.4) lib/active_support/notifications/instrumenter.rb:21:in `instrument'
activesupport (5.1.4) lib/active_support/notifications.rb:166:in `instrument'
actionpack (5.1.4) lib/action_controller/metal/instrumentation.rb:30:in `process_action'
actionpack (5.1.4) lib/action_controller/metal/params_wrapper.rb:252:in `process_action'
activerecord (5.1.4) lib/active_record/railties/controller_runtime.rb:22:in `process_action'
actionpack (5.1.4) lib/abstract_controller/base.rb:124:in `process'
actionview (5.1.4) lib/action_view/rendering.rb:30:in `process'
actionpack (5.1.4) lib/action_controller/metal.rb:189:in `dispatch'
actionpack (5.1.4) lib/action_controller/metal.rb:253:in `dispatch'
actionpack (5.1.4) lib/action_dispatch/routing/route_set.rb:49:in `dispatch'
actionpack (5.1.4) lib/action_dispatch/routing/route_set.rb:31:in `serve'
actionpack (5.1.4) lib/action_dispatch/journey/router.rb:50:in `block in serve'
actionpack (5.1.4) lib/action_dispatch/journey/router.rb:33:in `each'
actionpack (5.1.4) lib/action_dispatch/journey/router.rb:33:in `serve'
actionpack (5.1.4) lib/action_dispatch/routing/route_set.rb:834:in `call'
railties (5.1.4) lib/rails/engine.rb:522:in `call'
railties (5.1.4) lib/rails/railtie.rb:185:in `public_send'
railties (5.1.4) lib/rails/railtie.rb:185:in `method_missing'
actionpack (5.1.4) lib/action_dispatch/routing/mapper.rb:17:in `block in <class:Constraints>'
actionpack (5.1.4) lib/action_dispatch/routing/mapper.rb:46:in `serve'
actionpack (5.1.4) lib/action_dispatch/journey/router.rb:50:in `block in serve'
actionpack (5.1.4) lib/action_dispatch/journey/router.rb:33:in `each'
actionpack (5.1.4) lib/action_dispatch/journey/router.rb:33:in `serve'
actionpack (5.1.4) lib/action_dispatch/routing/route_set.rb:834:in `call'
rack-pjax (1.0.0) lib/rack/pjax.rb:12:in `call'
C:/RailsInstaller/Ruby2.3.0/lib/ruby/gems/2.3.0/bundler/gems/remotipart-cd653ddc43bb/lib/remotipart/middleware.rb:32:in `call'
warden (1.2.7) lib/warden/manager.rb:36:in `block in call'
warden (1.2.7) lib/warden/manager.rb:35:in `catch'
warden (1.2.7) lib/warden/manager.rb:35:in `call'
rack (2.0.3) lib/rack/etag.rb:25:in `call'
rack (2.0.3) lib/rack/conditional_get.rb:38:in `call'
rack (2.0.3) lib/rack/head.rb:12:in `call'
rack (2.0.3) lib/rack/session/abstract/id.rb:232:in `context'
rack (2.0.3) lib/rack/session/abstract/id.rb:226:in `call'
actionpack (5.1.4) lib/action_dispatch/middleware/cookies.rb:613:in `call'
activerecord (5.1.4) lib/active_record/migration.rb:556:in `call'
actionpack (5.1.4) lib/action_dispatch/middleware/callbacks.rb:26:in `block in call'
activesupport (5.1.4) lib/active_support/callbacks.rb:97:in `run_callbacks'
actionpack (5.1.4) lib/action_dispatch/middleware/callbacks.rb:24:in `call'
actionpack (5.1.4) lib/action_dispatch/middleware/executor.rb:12:in `call'
actionpack (5.1.4) lib/action_dispatch/middleware/debug_exceptions.rb:59:in `call'
web-console (3.5.1) lib/web_console/middleware.rb:135:in `call_app'
web-console (3.5.1) lib/web_console/middleware.rb:28:in `block in call'
web-console (3.5.1) lib/web_console/middleware.rb:18:in `catch'
web-console (3.5.1) lib/web_console/middleware.rb:18:in `call'
actionpack (5.1.4) lib/action_dispatch/middleware/show_exceptions.rb:31:in `call'
railties (5.1.4) lib/rails/rack/logger.rb:36:in `call_app'
railties (5.1.4) lib/rails/rack/logger.rb:24:in `block in call'
activesupport (5.1.4) lib/active_support/tagged_logging.rb:69:in `block in tagged'
activesupport (5.1.4) lib/active_support/tagged_logging.rb:26:in `tagged'
activesupport (5.1.4) lib/active_support/tagged_logging.rb:69:in `tagged'
railties (5.1.4) lib/rails/rack/logger.rb:24:in `call'
sprockets-rails (3.2.1) lib/sprockets/rails/quiet_assets.rb:13:in `call'
actionpack (5.1.4) lib/action_dispatch/middleware/remote_ip.rb:79:in `call'
actionpack (5.1.4) lib/action_dispatch/middleware/request_id.rb:25:in `call'
rack (2.0.3) lib/rack/method_override.rb:22:in `call'
rack (2.0.3) lib/rack/runtime.rb:22:in `call'
activesupport (5.1.4) lib/active_support/cache/strategy/local_cache_middleware.rb:27:in `call'
actionpack (5.1.4) lib/action_dispatch/middleware/executor.rb:12:in `call'
actionpack (5.1.4) lib/action_dispatch/middleware/static.rb:125:in `call'
rack (2.0.3) lib/rack/sendfile.rb:111:in `call'
railties (5.1.4) lib/rails/engine.rb:522:in `call'
puma (3.10.0) lib/puma/configuration.rb:225:in `call'
puma (3.10.0) lib/puma/server.rb:605:in `handle_request'
puma (3.10.0) lib/puma/server.rb:437:in `process_client'
puma (3.10.0) lib/puma/server.rb:301:in `block in run'
puma (3.10.0) lib/puma/thread_pool.rb:120:in `block in spawn_thread'
Started GET "/" for 127.0.0.1 at 2017-09-23 10:54:03 -0300
  
ActiveRecord::NoDatabaseError (Unknown database 'ordenext_development'):
  
activerecord (5.1.4) lib/active_record/connection_adapters/mysql2_adapter.rb:25:in `rescue in mysql2_connection'
activerecord (5.1.4) lib/active_record/connection_adapters/mysql2_adapter.rb:12:in `mysql2_connection'
activerecord (5.1.4) lib/active_record/connection_adapters/abstract/connection_pool.rb:759:in `new_connection'
activerecord (5.1.4) lib/active_record/connection_adapters/abstract/connection_pool.rb:803:in `checkout_new_connection'
activerecord (5.1.4) lib/active_record/connection_adapters/abstract/connection_pool.rb:782:in `try_to_checkout_new_connection'
activerecord (5.1.4) lib/active_record/connection_adapters/abstract/connection_pool.rb:743:in `acquire_connection'
activerecord (5.1.4) lib/active_record/connection_adapters/abstract/connection_pool.rb:500:in `checkout'
activerecord (5.1.4) lib/active_record/connection_adapters/abstract/connection_pool.rb:374:in `connection'
activerecord (5.1.4) lib/active_record/connection_adapters/abstract/connection_pool.rb:931:in `retrieve_connection'
activerecord (5.1.4) lib/active_record/connection_handling.rb:116:in `retrieve_connection'
activerecord (5.1.4) lib/active_record/connection_handling.rb:88:in `connection'
activerecord (5.1.4) lib/active_record/migration.rb:562:in `connection'
activerecord (5.1.4) lib/active_record/migration.rb:553:in `call'
actionpack (5.1.4) lib/action_dispatch/middleware/callbacks.rb:26:in `block in call'
activesupport (5.1.4) lib/active_support/callbacks.rb:97:in `run_callbacks'
actionpack (5.1.4) lib/action_dispatch/middleware/callbacks.rb:24:in `call'
actionpack (5.1.4) lib/action_dispatch/middleware/executor.rb:12:in `call'
actionpack (5.1.4) lib/action_dispatch/middleware/debug_exceptions.rb:59:in `call'
web-console (3.5.1) lib/web_console/middleware.rb:135:in `call_app'
web-console (3.5.1) lib/web_console/middleware.rb:28:in `block in call'
web-console (3.5.1) lib/web_console/middleware.rb:18:in `catch'
web-console (3.5.1) lib/web_console/middleware.rb:18:in `call'
actionpack (5.1.4) lib/action_dispatch/middleware/show_exceptions.rb:31:in `call'
railties (5.1.4) lib/rails/rack/logger.rb:36:in `call_app'
railties (5.1.4) lib/rails/rack/logger.rb:24:in `block in call'
activesupport (5.1.4) lib/active_support/tagged_logging.rb:69:in `block in tagged'
activesupport (5.1.4) lib/active_support/tagged_logging.rb:26:in `tagged'
activesupport (5.1.4) lib/active_support/tagged_logging.rb:69:in `tagged'
railties (5.1.4) lib/rails/rack/logger.rb:24:in `call'
sprockets-rails (3.2.1) lib/sprockets/rails/quiet_assets.rb:13:in `call'
actionpack (5.1.4) lib/action_dispatch/middleware/remote_ip.rb:79:in `call'
actionpack (5.1.4) lib/action_dispatch/middleware/request_id.rb:25:in `call'
rack (2.0.3) lib/rack/method_override.rb:22:in `call'
rack (2.0.3) lib/rack/runtime.rb:22:in `call'
activesupport (5.1.4) lib/active_support/cache/strategy/local_cache_middleware.rb:27:in `call'
actionpack (5.1.4) lib/action_dispatch/middleware/executor.rb:12:in `call'
actionpack (5.1.4) lib/action_dispatch/middleware/static.rb:125:in `call'
rack (2.0.3) lib/rack/sendfile.rb:111:in `call'
railties (5.1.4) lib/rails/engine.rb:522:in `call'
puma (3.10.0) lib/puma/configuration.rb:225:in `call'
puma (3.10.0) lib/puma/server.rb:605:in `handle_request'
puma (3.10.0) lib/puma/server.rb:437:in `process_client'
puma (3.10.0) lib/puma/server.rb:301:in `block in run'
puma (3.10.0) lib/puma/thread_pool.rb:120:in `block in spawn_thread'
  [1m[35m (31.3ms)[0m  [1m[35mSET NAMES utf8,  @@SESSION.sql_mode = CONCAT(CONCAT(@@sql_mode, ',STRICT_ALL_TABLES'), ',NO_AUTO_VALUE_ON_ZERO'),  @@SESSION.sql_auto_is_null = 0, @@SESSION.wait_timeout = 2147483[0m
  [1m[35m (578.2ms)[0m  [1m[35mCREATE TABLE `schema_migrations` (`version` varchar(255) NOT NULL PRIMARY KEY) ENGINE=InnoDB[0m
  [1m[35m (641.5ms)[0m  [1m[35mCREATE TABLE `ar_internal_metadata` (`key` varchar(255) NOT NULL PRIMARY KEY, `value` varchar(255), `created_at` datetime NOT NULL, `updated_at` datetime NOT NULL) ENGINE=InnoDB[0m
  [1m[35m (0.0ms)[0m  [1m[34mSELECT GET_LOCK(745477183667339340, 0)[0m
  [1m[35m (15.6ms)[0m  [1m[34mSELECT `schema_migrations`.`version` FROM `schema_migrations` ORDER BY `schema_migrations`.`version` ASC[0m
Migrating to CreateUsers (20170911204425)
  [1m[35m (593.8ms)[0m  [1m[35mCREATE TABLE `users` (`id` bigint NOT NULL AUTO_INCREMENT PRIMARY KEY, `created_at` datetime NOT NULL, `updated_at` datetime NOT NULL) ENGINE=InnoDB[0m
  [1m[35m (0.0ms)[0m  [1m[35mBEGIN[0m
  [1m[35mSQL (0.0ms)[0m  [1m[32mINSERT INTO `schema_migrations` (`version`) VALUES ('20170911204425')[0m
  [1m[35m (31.3ms)[0m  [1m[35mCOMMIT[0m
Migrating to AddDeviseToUsers (20170911204546)
  [1m[35m (859.4ms)[0m  [1m[35mALTER TABLE `users` ADD `email` varchar(255) DEFAULT '' NOT NULL[0m
  [1m[35m (546.4ms)[0m  [1m[35mALTER TABLE `users` ADD `encrypted_password` varchar(255) DEFAULT '' NOT NULL[0m
  [1m[35m (561.5ms)[0m  [1m[35mALTER TABLE `users` ADD `reset_password_token` varchar(255)[0m
  [1m[35m (494.0ms)[0m  [1m[35mALTER TABLE `users` ADD `reset_password_sent_at` datetime[0m
  [1m[35m (609.4ms)[0m  [1m[35mALTER TABLE `users` ADD `remember_created_at` datetime[0m
  [1m[35m (640.6ms)[0m  [1m[35mALTER TABLE `users` ADD `sign_in_count` int DEFAULT 0 NOT NULL[0m
  [1m[35m (531.2ms)[0m  [1m[35mALTER TABLE `users` ADD `current_sign_in_at` datetime[0m
  [1m[35m (781.3ms)[0m  [1m[35mALTER TABLE `users` ADD `last_sign_in_at` datetime[0m
  [1m[35m (798.3ms)[0m  [1m[35mALTER TABLE `users` ADD `current_sign_in_ip` varchar(255)[0m
  [1m[35m (640.6ms)[0m  [1m[35mALTER TABLE `users` ADD `last_sign_in_ip` varchar(255)[0m
  [1m[35m (218.7ms)[0m  [1m[35mCREATE UNIQUE INDEX `index_users_on_email`  ON `users` (`email`) [0m
  [1m[35m (375.0ms)[0m  [1m[35mCREATE UNIQUE INDEX `index_users_on_reset_password_token`  ON `users` (`reset_password_token`) [0m
  [1m[35m (0.0ms)[0m  [1m[35mBEGIN[0m
  [1m[35mSQL (0.0ms)[0m  [1m[32mINSERT INTO `schema_migrations` (`version`) VALUES ('20170911204546')[0m
  [1m[35m (78.1ms)[0m  [1m[35mCOMMIT[0m
  [1m[36mActiveRecord::InternalMetadata Load (15.7ms)[0m  [1m[34mSELECT  `ar_internal_metadata`.* FROM `ar_internal_metadata` WHERE `ar_internal_metadata`.`key` = 'environment' LIMIT 1[0m
  [1m[35m (0.0ms)[0m  [1m[35mBEGIN[0m
  [1m[35mSQL (0.0ms)[0m  [1m[32mINSERT INTO `ar_internal_metadata` (`key`, `value`, `created_at`, `updated_at`) VALUES ('environment', 'development', '2017-09-23 14:07:46', '2017-09-23 14:07:46')[0m
  [1m[35m (31.3ms)[0m  [1m[35mCOMMIT[0m
  [1m[35m (0.0ms)[0m  [1m[34mSELECT RELEASE_LOCK(745477183667339340)[0m
  [1m[35m (0.0ms)[0m  [1m[34mSELECT `schema_migrations`.`version` FROM `schema_migrations` ORDER BY `schema_migrations`.`version` ASC[0m
Started GET "/" for 127.0.0.1 at 2017-09-23 11:09:43 -0300
  [1m[35m (4.0ms)[0m  [1m[35mSET NAMES utf8,  @@SESSION.sql_mode = CONCAT(CONCAT(@@sql_mode, ',STRICT_ALL_TABLES'), ',NO_AUTO_VALUE_ON_ZERO'),  @@SESSION.sql_auto_is_null = 0, @@SESSION.wait_timeout = 2147483[0m
  [1m[35m (4.0ms)[0m  [1m[34mSELECT `schema_migrations`.`version` FROM `schema_migrations` ORDER BY `schema_migrations`.`version` ASC[0m
Processing by HomeController#index as HTML
  Rendering home/index.html.erb within layouts/application
  Rendered home/index.html.erb within layouts/application (0.0ms)
Completed 200 OK in 42653ms (Views: 42597.2ms | ActiveRecord: 0.0ms)


Started GET "/users/sign_in" for 127.0.0.1 at 2017-09-23 11:11:30 -0300
  
ActionController::RoutingError (No route matches [GET] "/users/sign_in"):
  
actionpack (5.1.4) lib/action_dispatch/middleware/debug_exceptions.rb:63:in `call'
web-console (3.5.1) lib/web_console/middleware.rb:135:in `call_app'
web-console (3.5.1) lib/web_console/middleware.rb:28:in `block in call'
web-console (3.5.1) lib/web_console/middleware.rb:18:in `catch'
web-console (3.5.1) lib/web_console/middleware.rb:18:in `call'
actionpack (5.1.4) lib/action_dispatch/middleware/show_exceptions.rb:31:in `call'
railties (5.1.4) lib/rails/rack/logger.rb:36:in `call_app'
railties (5.1.4) lib/rails/rack/logger.rb:24:in `block in call'
activesupport (5.1.4) lib/active_support/tagged_logging.rb:69:in `block in tagged'
activesupport (5.1.4) lib/active_support/tagged_logging.rb:26:in `tagged'
activesupport (5.1.4) lib/active_support/tagged_logging.rb:69:in `tagged'
railties (5.1.4) lib/rails/rack/logger.rb:24:in `call'
sprockets-rails (3.2.1) lib/sprockets/rails/quiet_assets.rb:13:in `call'
actionpack (5.1.4) lib/action_dispatch/middleware/remote_ip.rb:79:in `call'
actionpack (5.1.4) lib/action_dispatch/middleware/request_id.rb:25:in `call'
rack (2.0.3) lib/rack/method_override.rb:22:in `call'
rack (2.0.3) lib/rack/runtime.rb:22:in `call'
activesupport (5.1.4) lib/active_support/cache/strategy/local_cache_middleware.rb:27:in `call'
actionpack (5.1.4) lib/action_dispatch/middleware/executor.rb:12:in `call'
actionpack (5.1.4) lib/action_dispatch/middleware/static.rb:125:in `call'
rack (2.0.3) lib/rack/sendfile.rb:111:in `call'
railties (5.1.4) lib/rails/engine.rb:522:in `call'
puma (3.10.0) lib/puma/configuration.rb:225:in `call'
puma (3.10.0) lib/puma/server.rb:605:in `handle_request'
puma (3.10.0) lib/puma/server.rb:437:in `process_client'
puma (3.10.0) lib/puma/server.rb:301:in `block in run'
puma (3.10.0) lib/puma/thread_pool.rb:120:in `block in spawn_thread'
Started GET "/rails_admin" for 127.0.0.1 at 2017-09-23 11:12:05 -0300
  
ActionController::RoutingError (No route matches [GET] "/rails_admin"):
  
actionpack (5.1.4) lib/action_dispatch/middleware/debug_exceptions.rb:63:in `call'
web-console (3.5.1) lib/web_console/middleware.rb:135:in `call_app'
web-console (3.5.1) lib/web_console/middleware.rb:28:in `block in call'
web-console (3.5.1) lib/web_console/middleware.rb:18:in `catch'
web-console (3.5.1) lib/web_console/middleware.rb:18:in `call'
actionpack (5.1.4) lib/action_dispatch/middleware/show_exceptions.rb:31:in `call'
railties (5.1.4) lib/rails/rack/logger.rb:36:in `call_app'
railties (5.1.4) lib/rails/rack/logger.rb:24:in `block in call'
activesupport (5.1.4) lib/active_support/tagged_logging.rb:69:in `block in tagged'
activesupport (5.1.4) lib/active_support/tagged_logging.rb:26:in `tagged'
activesupport (5.1.4) lib/active_support/tagged_logging.rb:69:in `tagged'
railties (5.1.4) lib/rails/rack/logger.rb:24:in `call'
sprockets-rails (3.2.1) lib/sprockets/rails/quiet_assets.rb:13:in `call'
actionpack (5.1.4) lib/action_dispatch/middleware/remote_ip.rb:79:in `call'
actionpack (5.1.4) lib/action_dispatch/middleware/request_id.rb:25:in `call'
rack (2.0.3) lib/rack/method_override.rb:22:in `call'
rack (2.0.3) lib/rack/runtime.rb:22:in `call'
activesupport (5.1.4) lib/active_support/cache/strategy/local_cache_middleware.rb:27:in `call'
actionpack (5.1.4) lib/action_dispatch/middleware/executor.rb:12:in `call'
actionpack (5.1.4) lib/action_dispatch/middleware/static.rb:125:in `call'
rack (2.0.3) lib/rack/sendfile.rb:111:in `call'
railties (5.1.4) lib/rails/engine.rb:522:in `call'
puma (3.10.0) lib/puma/configuration.rb:225:in `call'
puma (3.10.0) lib/puma/server.rb:605:in `handle_request'
puma (3.10.0) lib/puma/server.rb:437:in `process_client'
puma (3.10.0) lib/puma/server.rb:301:in `block in run'
puma (3.10.0) lib/puma/thread_pool.rb:120:in `block in spawn_thread'
Started GET "/admin" for 127.0.0.1 at 2017-09-23 11:12:18 -0300
Processing by RailsAdmin::MainController#dashboard as HTML
  [1m[35m (12.1ms)[0m  [1m[34mSELECT COUNT(*) FROM `users`[0m
  [1m[36mUser Load (4.0ms)[0m  [1m[34mSELECT  `users`.* FROM `users` ORDER BY `users`.`id` DESC LIMIT 1[0m
  Rendering C:/RailsInstaller/Ruby2.3.3/lib/ruby/gems/2.3.0/bundler/gems/rails_admin-c3794fee412e/app/views/rails_admin/main/dashboard.html.haml within layouts/rails_admin/application
  Rendered C:/RailsInstaller/Ruby2.3.3/lib/ruby/gems/2.3.0/bundler/gems/rails_admin-c3794fee412e/app/views/rails_admin/main/dashboard.html.haml within layouts/rails_admin/application (100.0ms)
  Rendered C:/RailsInstaller/Ruby2.3.3/lib/ruby/gems/2.3.0/bundler/gems/rails_admin-c3794fee412e/app/views/layouts/rails_admin/_secondary_navigation.html.haml (12.0ms)
  Rendered C:/RailsInstaller/Ruby2.3.3/lib/ruby/gems/2.3.0/bundler/gems/rails_admin-c3794fee412e/app/views/layouts/rails_admin/_navigation.html.haml (172.0ms)
  Rendered C:/RailsInstaller/Ruby2.3.3/lib/ruby/gems/2.3.0/bundler/gems/rails_admin-c3794fee412e/app/views/layouts/rails_admin/_sidebar_navigation.html.haml (4.0ms)
  Rendering C:/RailsInstaller/Ruby2.3.3/lib/ruby/gems/2.3.0/bundler/gems/rails_admin-c3794fee412e/app/views/layouts/rails_admin/pjax.html.haml
  Rendered C:/RailsInstaller/Ruby2.3.3/lib/ruby/gems/2.3.0/bundler/gems/rails_admin-c3794fee412e/app/views/layouts/rails_admin/pjax.html.haml (16.0ms)
Completed 200 OK in 9053ms (Views: 2317.9ms | ActiveRecord: 40.0ms)


